ARM GAS  C:\Users\luoha\AppData\Local\Temp\ccm8dr7o.s 			page 1


   1              		.cpu cortex-m4
   2              		.eabi_attribute 27, 1
   3              		.eabi_attribute 28, 1
   4              		.eabi_attribute 20, 1
   5              		.eabi_attribute 21, 1
   6              		.eabi_attribute 23, 3
   7              		.eabi_attribute 24, 1
   8              		.eabi_attribute 25, 1
   9              		.eabi_attribute 26, 1
  10              		.eabi_attribute 30, 1
  11              		.eabi_attribute 34, 1
  12              		.eabi_attribute 18, 4
  13              		.file	"croutine.c"
  14              		.text
  15              	.Ltext0:
  16              		.cfi_sections	.debug_frame
  17              	.Letext0:
  18              		.file 1 "c:\\gnu_tools_arm_embedded\\arm-none-eabi\\include\\machine\\_default_types.h"
  19              		.file 2 "c:\\gnu_tools_arm_embedded\\arm-none-eabi\\include\\sys\\_stdint.h"
  20              		.file 3 "Inc/FreeRTOSConfig.h"
ARM GAS  C:\Users\luoha\AppData\Local\Temp\ccm8dr7o.s 			page 2


DEFINED SYMBOLS
                            *ABS*:00000000 croutine.c

NO UNDEFINED SYMBOLS
