ARM GAS  C:\Users\luoha\AppData\Local\Temp\ccI7t8yy.s 			page 1


   1              		.cpu cortex-m4
   2              		.eabi_attribute 27, 1
   3              		.eabi_attribute 28, 1
   4              		.eabi_attribute 20, 1
   5              		.eabi_attribute 21, 1
   6              		.eabi_attribute 23, 3
   7              		.eabi_attribute 24, 1
   8              		.eabi_attribute 25, 1
   9              		.eabi_attribute 26, 1
  10              		.eabi_attribute 30, 1
  11              		.eabi_attribute 34, 1
  12              		.eabi_attribute 18, 4
  13              		.file	"gy_86.c"
  14              		.text
  15              	.Ltext0:
  16              		.cfi_sections	.debug_frame
  17              		.section	.text.Gy86Init,"ax",%progbits
  18              		.align	1
  19              		.global	Gy86Init
  20              		.arch armv7e-m
  21              		.syntax unified
  22              		.thumb
  23              		.thumb_func
  24              		.fpu fpv4-sp-d16
  26              	Gy86Init:
  27              	.LFB138:
  28              		.file 1 "Modules/src/gy_86.c"
   1:Modules/src/gy_86.c **** #include "gy_86.h"
   2:Modules/src/gy_86.c **** 
   3:Modules/src/gy_86.c **** void Gy86Init(void) {
  29              		.loc 1 3 21 view -0
  30              		.cfi_startproc
  31              		@ args = 0, pretend = 0, frame = 0
  32              		@ frame_needed = 0, uses_anonymous_args = 0
  33              		@ link register save eliminated.
   4:Modules/src/gy_86.c **** }...
  34              		.loc 1 4 1 view .LVU1
  35 0000 7047     		bx	lr
  36              		.cfi_endproc
  37              	.LFE138:
  39              		.text
  40              	.Letext0:
  41              		.file 2 "e:\\gnu tools arm embedded\\9 2019-q4-major\\arm-none-eabi\\include\\machine\\_default_ty
  42              		.file 3 "e:\\gnu tools arm embedded\\9 2019-q4-major\\arm-none-eabi\\include\\sys\\_stdint.h"
  43              		.file 4 "Drivers/CMSIS/Include/core_cm4.h"
  44              		.file 5 "Drivers/CMSIS/Device/ST/STM32F4xx/Include/system_stm32f4xx.h"
  45              		.file 6 "Drivers/CMSIS/Device/ST/STM32F4xx/Include/stm32f407xx.h"
  46              		.file 7 "Drivers/STM32F4xx_HAL_Driver/Inc/stm32f4xx_hal_def.h"
  47              		.file 8 "Drivers/STM32F4xx_HAL_Driver/Inc/stm32f4xx_hal_dma.h"
  48              		.file 9 "Drivers/STM32F4xx_HAL_Driver/Inc/stm32f4xx_hal_i2c.h"
  49              		.file 10 "Drivers/STM32F4xx_HAL_Driver/Inc/stm32f4xx_hal_uart.h"
  50              		.file 11 "Drivers/STM32F4xx_HAL_Driver/Inc/stm32f4xx_hal.h"
  51              		.file 12 "e:\\gnu tools arm embedded\\9 2019-q4-major\\arm-none-eabi\\include\\sys\\lock.h"
  52              		.file 13 "e:\\gnu tools arm embedded\\9 2019-q4-major\\arm-none-eabi\\include\\sys\\_types.h"
  53              		.file 14 "e:\\gnu tools arm embedded\\9 2019-q4-major\\lib\\gcc\\arm-none-eabi\\9.2.1\\include\\st
  54              		.file 15 "e:\\gnu tools arm embedded\\9 2019-q4-major\\arm-none-eabi\\include\\sys\\reent.h"
  55              		.file 16 "Modules/include/utils.h"
ARM GAS  C:\Users\luoha\AppData\Local\Temp\ccI7t8yy.s 			page 2


  56              		.file 17 "Inc/i2c.h"
ARM GAS  C:\Users\luoha\AppData\Local\Temp\ccI7t8yy.s 			page 3


DEFINED SYMBOLS
                            *ABS*:00000000 gy_86.c
C:\Users\luoha\AppData\Local\Temp\ccI7t8yy.s:18     .text.Gy86Init:00000000 $t
C:\Users\luoha\AppData\Local\Temp\ccI7t8yy.s:26     .text.Gy86Init:00000000 Gy86Init

NO UNDEFINED SYMBOLS
