ARM GAS  C:\Users\luoha\AppData\Local\Temp\ccmh2E5y.s 			page 1


   1              		.cpu cortex-m4
   2              		.eabi_attribute 27, 1
   3              		.eabi_attribute 28, 1
   4              		.eabi_attribute 20, 1
   5              		.eabi_attribute 21, 1
   6              		.eabi_attribute 23, 3
   7              		.eabi_attribute 24, 1
   8              		.eabi_attribute 25, 1
   9              		.eabi_attribute 26, 1
  10              		.eabi_attribute 30, 1
  11              		.eabi_attribute 34, 1
  12              		.eabi_attribute 18, 4
  13              		.file	"SEGGER_SYSVIEW_FreeRTOS.c"
  14              		.text
  15              	.Ltext0:
  16              		.cfi_sections	.debug_frame
  17              		.section	.text._cbGetTime,"ax",%progbits
  18              		.align	1
  19              		.arch armv7e-m
  20              		.syntax unified
  21              		.thumb
  22              		.thumb_func
  23              		.fpu fpv4-sp-d16
  25              	_cbGetTime:
  26              	.LFB6:
  27              		.file 1 "Middlewares/Third_Party/SystemView/SEGGER/SEGGER_SYSVIEW_FreeRTOS.c"
   1:Middlewares/Third_Party/SystemView/SEGGER/SEGGER_SYSVIEW_FreeRTOS.c **** /*********************************************************************
   2:Middlewares/Third_Party/SystemView/SEGGER/SEGGER_SYSVIEW_FreeRTOS.c **** *                    SEGGER Microcontroller GmbH                     *
   3:Middlewares/Third_Party/SystemView/SEGGER/SEGGER_SYSVIEW_FreeRTOS.c **** *                        The Embedded Experts                        *
   4:Middlewares/Third_Party/SystemView/SEGGER/SEGGER_SYSVIEW_FreeRTOS.c **** **********************************************************************
   5:Middlewares/Third_Party/SystemView/SEGGER/SEGGER_SYSVIEW_FreeRTOS.c **** *                                                                    *
   6:Middlewares/Third_Party/SystemView/SEGGER/SEGGER_SYSVIEW_FreeRTOS.c **** *            (c) 1995 - 2021 SEGGER Microcontroller GmbH             *
   7:Middlewares/Third_Party/SystemView/SEGGER/SEGGER_SYSVIEW_FreeRTOS.c **** *                                                                    *
   8:Middlewares/Third_Party/SystemView/SEGGER/SEGGER_SYSVIEW_FreeRTOS.c **** *       www.segger.com     Support: support@segger.com               *
   9:Middlewares/Third_Party/SystemView/SEGGER/SEGGER_SYSVIEW_FreeRTOS.c **** *                                                                    *
  10:Middlewares/Third_Party/SystemView/SEGGER/SEGGER_SYSVIEW_FreeRTOS.c **** **********************************************************************
  11:Middlewares/Third_Party/SystemView/SEGGER/SEGGER_SYSVIEW_FreeRTOS.c **** *                                                                    *
  12:Middlewares/Third_Party/SystemView/SEGGER/SEGGER_SYSVIEW_FreeRTOS.c **** *       SEGGER SystemView * Real-time application analysis           *
  13:Middlewares/Third_Party/SystemView/SEGGER/SEGGER_SYSVIEW_FreeRTOS.c **** *                                                                    *
  14:Middlewares/Third_Party/SystemView/SEGGER/SEGGER_SYSVIEW_FreeRTOS.c **** **********************************************************************
  15:Middlewares/Third_Party/SystemView/SEGGER/SEGGER_SYSVIEW_FreeRTOS.c **** *                                                                    *
  16:Middlewares/Third_Party/SystemView/SEGGER/SEGGER_SYSVIEW_FreeRTOS.c **** * All rights reserved.                                               *
  17:Middlewares/Third_Party/SystemView/SEGGER/SEGGER_SYSVIEW_FreeRTOS.c **** *                                                                    *
  18:Middlewares/Third_Party/SystemView/SEGGER/SEGGER_SYSVIEW_FreeRTOS.c **** * SEGGER strongly recommends to not make any changes                 *
  19:Middlewares/Third_Party/SystemView/SEGGER/SEGGER_SYSVIEW_FreeRTOS.c **** * to or modify the source code of this software in order to stay     *
  20:Middlewares/Third_Party/SystemView/SEGGER/SEGGER_SYSVIEW_FreeRTOS.c **** * compatible with the SystemView and RTT protocol, and J-Link.       *
  21:Middlewares/Third_Party/SystemView/SEGGER/SEGGER_SYSVIEW_FreeRTOS.c **** *                                                                    *
  22:Middlewares/Third_Party/SystemView/SEGGER/SEGGER_SYSVIEW_FreeRTOS.c **** * Redistribution and use in source and binary forms, with or         *
  23:Middlewares/Third_Party/SystemView/SEGGER/SEGGER_SYSVIEW_FreeRTOS.c **** * without modification, are permitted provided that the following    *
  24:Middlewares/Third_Party/SystemView/SEGGER/SEGGER_SYSVIEW_FreeRTOS.c **** * condition is met:                                                  *
  25:Middlewares/Third_Party/SystemView/SEGGER/SEGGER_SYSVIEW_FreeRTOS.c **** *                                                                    *
  26:Middlewares/Third_Party/SystemView/SEGGER/SEGGER_SYSVIEW_FreeRTOS.c **** * o Redistributions of source code must retain the above copyright   *
  27:Middlewares/Third_Party/SystemView/SEGGER/SEGGER_SYSVIEW_FreeRTOS.c **** *   notice, this condition and the following disclaimer.             *
  28:Middlewares/Third_Party/SystemView/SEGGER/SEGGER_SYSVIEW_FreeRTOS.c **** *                                                                    *
  29:Middlewares/Third_Party/SystemView/SEGGER/SEGGER_SYSVIEW_FreeRTOS.c **** * THIS SOFTWARE IS PROVIDED BY THE COPYRIGHT HOLDERS AND             *
  30:Middlewares/Third_Party/SystemView/SEGGER/SEGGER_SYSVIEW_FreeRTOS.c **** * CONTRIBUTORS "AS IS" AND ANY EXPRESS OR IMPLIED WARRANTIES,        *
  31:Middlewares/Third_Party/SystemView/SEGGER/SEGGER_SYSVIEW_FreeRTOS.c **** * INCLUDING, BUT NOT LIMITED TO, THE IMPLIED WARRANTIES OF           *
ARM GAS  C:\Users\luoha\AppData\Local\Temp\ccmh2E5y.s 			page 2


  32:Middlewares/Third_Party/SystemView/SEGGER/SEGGER_SYSVIEW_FreeRTOS.c **** * MERCHANTABILITY AND FITNESS FOR A PARTICULAR PURPOSE ARE           *
  33:Middlewares/Third_Party/SystemView/SEGGER/SEGGER_SYSVIEW_FreeRTOS.c **** * DISCLAIMED. IN NO EVENT SHALL SEGGER Microcontroller BE LIABLE FOR *
  34:Middlewares/Third_Party/SystemView/SEGGER/SEGGER_SYSVIEW_FreeRTOS.c **** * ANY DIRECT, INDIRECT, INCIDENTAL, SPECIAL, EXEMPLARY, OR           *
  35:Middlewares/Third_Party/SystemView/SEGGER/SEGGER_SYSVIEW_FreeRTOS.c **** * CONSEQUENTIAL DAMAGES (INCLUDING, BUT NOT LIMITED TO, PROCUREMENT  *
  36:Middlewares/Third_Party/SystemView/SEGGER/SEGGER_SYSVIEW_FreeRTOS.c **** * OF SUBSTITUTE GOODS OR SERVICES; LOSS OF USE, DATA, OR PROFITS;    *
  37:Middlewares/Third_Party/SystemView/SEGGER/SEGGER_SYSVIEW_FreeRTOS.c **** * OR BUSINESS INTERRUPTION) HOWEVER CAUSED AND ON ANY THEORY OF      *
  38:Middlewares/Third_Party/SystemView/SEGGER/SEGGER_SYSVIEW_FreeRTOS.c **** * LIABILITY, WHETHER IN CONTRACT, STRICT LIABILITY, OR TORT          *
  39:Middlewares/Third_Party/SystemView/SEGGER/SEGGER_SYSVIEW_FreeRTOS.c **** * (INCLUDING NEGLIGENCE OR OTHERWISE) ARISING IN ANY WAY OUT OF THE  *
  40:Middlewares/Third_Party/SystemView/SEGGER/SEGGER_SYSVIEW_FreeRTOS.c **** * USE OF THIS SOFTWARE, EVEN IF ADVISED OF THE POSSIBILITY OF SUCH   *
  41:Middlewares/Third_Party/SystemView/SEGGER/SEGGER_SYSVIEW_FreeRTOS.c **** * DAMAGE.                                                            *
  42:Middlewares/Third_Party/SystemView/SEGGER/SEGGER_SYSVIEW_FreeRTOS.c **** *                                                                    *
  43:Middlewares/Third_Party/SystemView/SEGGER/SEGGER_SYSVIEW_FreeRTOS.c **** **********************************************************************
  44:Middlewares/Third_Party/SystemView/SEGGER/SEGGER_SYSVIEW_FreeRTOS.c **** *                                                                    *
  45:Middlewares/Third_Party/SystemView/SEGGER/SEGGER_SYSVIEW_FreeRTOS.c **** *       SystemView version: 3.30                                    *
  46:Middlewares/Third_Party/SystemView/SEGGER/SEGGER_SYSVIEW_FreeRTOS.c **** *                                                                    *
  47:Middlewares/Third_Party/SystemView/SEGGER/SEGGER_SYSVIEW_FreeRTOS.c **** **********************************************************************
  48:Middlewares/Third_Party/SystemView/SEGGER/SEGGER_SYSVIEW_FreeRTOS.c **** -------------------------- END-OF-HEADER -----------------------------
  49:Middlewares/Third_Party/SystemView/SEGGER/SEGGER_SYSVIEW_FreeRTOS.c **** 
  50:Middlewares/Third_Party/SystemView/SEGGER/SEGGER_SYSVIEW_FreeRTOS.c **** File    : SEGGER_SYSVIEW_FreeRTOS.c
  51:Middlewares/Third_Party/SystemView/SEGGER/SEGGER_SYSVIEW_FreeRTOS.c **** Purpose : Interface between FreeRTOS and SystemView.
  52:Middlewares/Third_Party/SystemView/SEGGER/SEGGER_SYSVIEW_FreeRTOS.c **** Revision: $Rev: 7947 $
  53:Middlewares/Third_Party/SystemView/SEGGER/SEGGER_SYSVIEW_FreeRTOS.c **** */
  54:Middlewares/Third_Party/SystemView/SEGGER/SEGGER_SYSVIEW_FreeRTOS.c **** #include "FreeRTOS.h"
  55:Middlewares/Third_Party/SystemView/SEGGER/SEGGER_SYSVIEW_FreeRTOS.c **** #include "task.h"
  56:Middlewares/Third_Party/SystemView/SEGGER/SEGGER_SYSVIEW_FreeRTOS.c **** #include "SEGGER_SYSVIEW.h"
  57:Middlewares/Third_Party/SystemView/SEGGER/SEGGER_SYSVIEW_FreeRTOS.c **** #include "SEGGER_SYSVIEW_FreeRTOS.h"
  58:Middlewares/Third_Party/SystemView/SEGGER/SEGGER_SYSVIEW_FreeRTOS.c **** #include "string.h" // Required for memset
  59:Middlewares/Third_Party/SystemView/SEGGER/SEGGER_SYSVIEW_FreeRTOS.c **** 
  60:Middlewares/Third_Party/SystemView/SEGGER/SEGGER_SYSVIEW_FreeRTOS.c **** 
  61:Middlewares/Third_Party/SystemView/SEGGER/SEGGER_SYSVIEW_FreeRTOS.c **** 
  62:Middlewares/Third_Party/SystemView/SEGGER/SEGGER_SYSVIEW_FreeRTOS.c **** typedef struct SYSVIEW_FREERTOS_TASK_STATUS SYSVIEW_FREERTOS_TASK_STATUS;
  63:Middlewares/Third_Party/SystemView/SEGGER/SEGGER_SYSVIEW_FreeRTOS.c **** 
  64:Middlewares/Third_Party/SystemView/SEGGER/SEGGER_SYSVIEW_FreeRTOS.c **** struct SYSVIEW_FREERTOS_TASK_STATUS {
  65:Middlewares/Third_Party/SystemView/SEGGER/SEGGER_SYSVIEW_FreeRTOS.c ****   U32         xHandle;
  66:Middlewares/Third_Party/SystemView/SEGGER/SEGGER_SYSVIEW_FreeRTOS.c ****   const char* pcTaskName;
  67:Middlewares/Third_Party/SystemView/SEGGER/SEGGER_SYSVIEW_FreeRTOS.c ****   unsigned    uxCurrentPriority;
  68:Middlewares/Third_Party/SystemView/SEGGER/SEGGER_SYSVIEW_FreeRTOS.c ****   U32         pxStack;
  69:Middlewares/Third_Party/SystemView/SEGGER/SEGGER_SYSVIEW_FreeRTOS.c ****   unsigned    uStackHighWaterMark;
  70:Middlewares/Third_Party/SystemView/SEGGER/SEGGER_SYSVIEW_FreeRTOS.c **** };
  71:Middlewares/Third_Party/SystemView/SEGGER/SEGGER_SYSVIEW_FreeRTOS.c **** 
  72:Middlewares/Third_Party/SystemView/SEGGER/SEGGER_SYSVIEW_FreeRTOS.c **** static SYSVIEW_FREERTOS_TASK_STATUS _aTasks[SYSVIEW_FREERTOS_MAX_NOF_TASKS];
  73:Middlewares/Third_Party/SystemView/SEGGER/SEGGER_SYSVIEW_FreeRTOS.c **** static unsigned _NumTasks;
  74:Middlewares/Third_Party/SystemView/SEGGER/SEGGER_SYSVIEW_FreeRTOS.c **** 
  75:Middlewares/Third_Party/SystemView/SEGGER/SEGGER_SYSVIEW_FreeRTOS.c **** /*********************************************************************
  76:Middlewares/Third_Party/SystemView/SEGGER/SEGGER_SYSVIEW_FreeRTOS.c **** *
  77:Middlewares/Third_Party/SystemView/SEGGER/SEGGER_SYSVIEW_FreeRTOS.c **** *       _cbSendTaskList()
  78:Middlewares/Third_Party/SystemView/SEGGER/SEGGER_SYSVIEW_FreeRTOS.c **** *
  79:Middlewares/Third_Party/SystemView/SEGGER/SEGGER_SYSVIEW_FreeRTOS.c **** *  Function description
  80:Middlewares/Third_Party/SystemView/SEGGER/SEGGER_SYSVIEW_FreeRTOS.c **** *    This function is part of the link between FreeRTOS and SYSVIEW.
  81:Middlewares/Third_Party/SystemView/SEGGER/SEGGER_SYSVIEW_FreeRTOS.c **** *    Called from SystemView when asked by the host, it uses SYSVIEW
  82:Middlewares/Third_Party/SystemView/SEGGER/SEGGER_SYSVIEW_FreeRTOS.c **** *    functions to send the entire task list to the host.
  83:Middlewares/Third_Party/SystemView/SEGGER/SEGGER_SYSVIEW_FreeRTOS.c **** */
  84:Middlewares/Third_Party/SystemView/SEGGER/SEGGER_SYSVIEW_FreeRTOS.c **** static void _cbSendTaskList(void) {
  85:Middlewares/Third_Party/SystemView/SEGGER/SEGGER_SYSVIEW_FreeRTOS.c ****   unsigned n;
  86:Middlewares/Third_Party/SystemView/SEGGER/SEGGER_SYSVIEW_FreeRTOS.c **** 
  87:Middlewares/Third_Party/SystemView/SEGGER/SEGGER_SYSVIEW_FreeRTOS.c ****   for (n = 0; n < _NumTasks; n++) {
  88:Middlewares/Third_Party/SystemView/SEGGER/SEGGER_SYSVIEW_FreeRTOS.c **** #if INCLUDE_uxTaskGetStackHighWaterMark // Report Task Stack High Watermark
ARM GAS  C:\Users\luoha\AppData\Local\Temp\ccmh2E5y.s 			page 3


  89:Middlewares/Third_Party/SystemView/SEGGER/SEGGER_SYSVIEW_FreeRTOS.c ****     _aTasks[n].uStackHighWaterMark = uxTaskGetStackHighWaterMark((TaskHandle_t)_aTasks[n].xHandle);
  90:Middlewares/Third_Party/SystemView/SEGGER/SEGGER_SYSVIEW_FreeRTOS.c **** #endif
  91:Middlewares/Third_Party/SystemView/SEGGER/SEGGER_SYSVIEW_FreeRTOS.c ****     SYSVIEW_SendTaskInfo((U32)_aTasks[n].xHandle, _aTasks[n].pcTaskName, (unsigned)_aTasks[n].uxCur
  92:Middlewares/Third_Party/SystemView/SEGGER/SEGGER_SYSVIEW_FreeRTOS.c ****   }
  93:Middlewares/Third_Party/SystemView/SEGGER/SEGGER_SYSVIEW_FreeRTOS.c **** }
  94:Middlewares/Third_Party/SystemView/SEGGER/SEGGER_SYSVIEW_FreeRTOS.c **** 
  95:Middlewares/Third_Party/SystemView/SEGGER/SEGGER_SYSVIEW_FreeRTOS.c **** /*********************************************************************
  96:Middlewares/Third_Party/SystemView/SEGGER/SEGGER_SYSVIEW_FreeRTOS.c **** *
  97:Middlewares/Third_Party/SystemView/SEGGER/SEGGER_SYSVIEW_FreeRTOS.c **** *       _cbGetTime()
  98:Middlewares/Third_Party/SystemView/SEGGER/SEGGER_SYSVIEW_FreeRTOS.c **** *
  99:Middlewares/Third_Party/SystemView/SEGGER/SEGGER_SYSVIEW_FreeRTOS.c **** *  Function description
 100:Middlewares/Third_Party/SystemView/SEGGER/SEGGER_SYSVIEW_FreeRTOS.c **** *    This function is part of the link between FreeRTOS and SYSVIEW.
 101:Middlewares/Third_Party/SystemView/SEGGER/SEGGER_SYSVIEW_FreeRTOS.c **** *    Called from SystemView when asked by the host, returns the
 102:Middlewares/Third_Party/SystemView/SEGGER/SEGGER_SYSVIEW_FreeRTOS.c **** *    current system time in micro seconds.
 103:Middlewares/Third_Party/SystemView/SEGGER/SEGGER_SYSVIEW_FreeRTOS.c **** */
 104:Middlewares/Third_Party/SystemView/SEGGER/SEGGER_SYSVIEW_FreeRTOS.c **** static U64 _cbGetTime(void) {
  28              		.loc 1 104 29 view -0
  29              		.cfi_startproc
  30              		@ args = 0, pretend = 0, frame = 0
  31              		@ frame_needed = 0, uses_anonymous_args = 0
  32 0000 10B5     		push	{r4, lr}
  33              	.LCFI0:
  34              		.cfi_def_cfa_offset 8
  35              		.cfi_offset 4, -8
  36              		.cfi_offset 14, -4
 105:Middlewares/Third_Party/SystemView/SEGGER/SEGGER_SYSVIEW_FreeRTOS.c ****   U64 Time;
  37              		.loc 1 105 3 view .LVU1
 106:Middlewares/Third_Party/SystemView/SEGGER/SEGGER_SYSVIEW_FreeRTOS.c **** 
 107:Middlewares/Third_Party/SystemView/SEGGER/SEGGER_SYSVIEW_FreeRTOS.c ****   Time = xTaskGetTickCountFromISR();
  38              		.loc 1 107 3 view .LVU2
  39              		.loc 1 107 10 is_stmt 0 view .LVU3
  40 0002 FFF7FEFF 		bl	xTaskGetTickCountFromISR
  41              	.LVL0:
  42 0006 0446     		mov	r4, r0
  43              	.LVL1:
 108:Middlewares/Third_Party/SystemView/SEGGER/SEGGER_SYSVIEW_FreeRTOS.c ****   Time *= portTICK_PERIOD_MS;
  44              		.loc 1 108 3 is_stmt 1 view .LVU4
 109:Middlewares/Third_Party/SystemView/SEGGER/SEGGER_SYSVIEW_FreeRTOS.c ****   Time *= 1000;
  45              		.loc 1 109 3 view .LVU5
  46              		.loc 1 109 8 is_stmt 0 view .LVU6
  47 0008 4201     		lsls	r2, r0, #5
  48 000a C30E     		lsrs	r3, r0, #27
  49 000c 121A     		subs	r2, r2, r0
  50 000e 63F10003 		sbc	r3, r3, #0
  51 0012 9900     		lsls	r1, r3, #2
  52 0014 41EA9271 		orr	r1, r1, r2, lsr #30
  53 0018 9000     		lsls	r0, r2, #2
  54              	.LVL2:
  55              		.loc 1 109 8 view .LVU7
  56 001a 0019     		adds	r0, r0, r4
  57 001c 41F10001 		adc	r1, r1, #0
  58 0020 CB00     		lsls	r3, r1, #3
  59 0022 43EA5073 		orr	r3, r3, r0, lsr #29
  60 0026 C200     		lsls	r2, r0, #3
  61 0028 1046     		mov	r0, r2
  62 002a 1946     		mov	r1, r3
  63              	.LVL3:
ARM GAS  C:\Users\luoha\AppData\Local\Temp\ccmh2E5y.s 			page 4


 110:Middlewares/Third_Party/SystemView/SEGGER/SEGGER_SYSVIEW_FreeRTOS.c ****   return Time;
  64              		.loc 1 110 3 is_stmt 1 view .LVU8
 111:Middlewares/Third_Party/SystemView/SEGGER/SEGGER_SYSVIEW_FreeRTOS.c **** }
  65              		.loc 1 111 1 is_stmt 0 view .LVU9
  66 002c 10BD     		pop	{r4, pc}
  67              		.cfi_endproc
  68              	.LFE6:
  70              		.section	.text.SYSVIEW_DeleteTask,"ax",%progbits
  71              		.align	1
  72              		.global	SYSVIEW_DeleteTask
  73              		.syntax unified
  74              		.thumb
  75              		.thumb_func
  76              		.fpu fpv4-sp-d16
  78              	SYSVIEW_DeleteTask:
  79              	.LVL4:
  80              	.LFB9:
 112:Middlewares/Third_Party/SystemView/SEGGER/SEGGER_SYSVIEW_FreeRTOS.c **** 
 113:Middlewares/Third_Party/SystemView/SEGGER/SEGGER_SYSVIEW_FreeRTOS.c **** /*********************************************************************
 114:Middlewares/Third_Party/SystemView/SEGGER/SEGGER_SYSVIEW_FreeRTOS.c **** *
 115:Middlewares/Third_Party/SystemView/SEGGER/SEGGER_SYSVIEW_FreeRTOS.c **** *       Global functions
 116:Middlewares/Third_Party/SystemView/SEGGER/SEGGER_SYSVIEW_FreeRTOS.c **** *
 117:Middlewares/Third_Party/SystemView/SEGGER/SEGGER_SYSVIEW_FreeRTOS.c **** **********************************************************************
 118:Middlewares/Third_Party/SystemView/SEGGER/SEGGER_SYSVIEW_FreeRTOS.c **** */
 119:Middlewares/Third_Party/SystemView/SEGGER/SEGGER_SYSVIEW_FreeRTOS.c **** /*********************************************************************
 120:Middlewares/Third_Party/SystemView/SEGGER/SEGGER_SYSVIEW_FreeRTOS.c **** *
 121:Middlewares/Third_Party/SystemView/SEGGER/SEGGER_SYSVIEW_FreeRTOS.c **** *       SYSVIEW_AddTask()
 122:Middlewares/Third_Party/SystemView/SEGGER/SEGGER_SYSVIEW_FreeRTOS.c **** *
 123:Middlewares/Third_Party/SystemView/SEGGER/SEGGER_SYSVIEW_FreeRTOS.c **** *  Function description
 124:Middlewares/Third_Party/SystemView/SEGGER/SEGGER_SYSVIEW_FreeRTOS.c **** *    Add a task to the internal list and record its information.
 125:Middlewares/Third_Party/SystemView/SEGGER/SEGGER_SYSVIEW_FreeRTOS.c **** */
 126:Middlewares/Third_Party/SystemView/SEGGER/SEGGER_SYSVIEW_FreeRTOS.c **** void SYSVIEW_AddTask(U32 xHandle, const char* pcTaskName, unsigned uxCurrentPriority, U32  pxStack,
 127:Middlewares/Third_Party/SystemView/SEGGER/SEGGER_SYSVIEW_FreeRTOS.c ****   
 128:Middlewares/Third_Party/SystemView/SEGGER/SEGGER_SYSVIEW_FreeRTOS.c ****   if (memcmp(pcTaskName, "IDLE", 5) == 0) {
 129:Middlewares/Third_Party/SystemView/SEGGER/SEGGER_SYSVIEW_FreeRTOS.c ****     return;
 130:Middlewares/Third_Party/SystemView/SEGGER/SEGGER_SYSVIEW_FreeRTOS.c ****   }
 131:Middlewares/Third_Party/SystemView/SEGGER/SEGGER_SYSVIEW_FreeRTOS.c ****   
 132:Middlewares/Third_Party/SystemView/SEGGER/SEGGER_SYSVIEW_FreeRTOS.c ****   if (_NumTasks >= SYSVIEW_FREERTOS_MAX_NOF_TASKS) {
 133:Middlewares/Third_Party/SystemView/SEGGER/SEGGER_SYSVIEW_FreeRTOS.c ****     SEGGER_SYSVIEW_Warn("SYSTEMVIEW: Could not record task information. Maximum number of tasks rea
 134:Middlewares/Third_Party/SystemView/SEGGER/SEGGER_SYSVIEW_FreeRTOS.c ****     return;
 135:Middlewares/Third_Party/SystemView/SEGGER/SEGGER_SYSVIEW_FreeRTOS.c ****   }
 136:Middlewares/Third_Party/SystemView/SEGGER/SEGGER_SYSVIEW_FreeRTOS.c **** 
 137:Middlewares/Third_Party/SystemView/SEGGER/SEGGER_SYSVIEW_FreeRTOS.c ****   _aTasks[_NumTasks].xHandle = xHandle;
 138:Middlewares/Third_Party/SystemView/SEGGER/SEGGER_SYSVIEW_FreeRTOS.c ****   _aTasks[_NumTasks].pcTaskName = pcTaskName;
 139:Middlewares/Third_Party/SystemView/SEGGER/SEGGER_SYSVIEW_FreeRTOS.c ****   _aTasks[_NumTasks].uxCurrentPriority = uxCurrentPriority;
 140:Middlewares/Third_Party/SystemView/SEGGER/SEGGER_SYSVIEW_FreeRTOS.c ****   _aTasks[_NumTasks].pxStack = pxStack;
 141:Middlewares/Third_Party/SystemView/SEGGER/SEGGER_SYSVIEW_FreeRTOS.c ****   _aTasks[_NumTasks].uStackHighWaterMark = uStackHighWaterMark;
 142:Middlewares/Third_Party/SystemView/SEGGER/SEGGER_SYSVIEW_FreeRTOS.c **** 
 143:Middlewares/Third_Party/SystemView/SEGGER/SEGGER_SYSVIEW_FreeRTOS.c ****   _NumTasks++;
 144:Middlewares/Third_Party/SystemView/SEGGER/SEGGER_SYSVIEW_FreeRTOS.c **** 
 145:Middlewares/Third_Party/SystemView/SEGGER/SEGGER_SYSVIEW_FreeRTOS.c ****   SYSVIEW_SendTaskInfo(xHandle, pcTaskName,uxCurrentPriority, pxStack, uStackHighWaterMark);
 146:Middlewares/Third_Party/SystemView/SEGGER/SEGGER_SYSVIEW_FreeRTOS.c **** 
 147:Middlewares/Third_Party/SystemView/SEGGER/SEGGER_SYSVIEW_FreeRTOS.c **** }
 148:Middlewares/Third_Party/SystemView/SEGGER/SEGGER_SYSVIEW_FreeRTOS.c **** 
 149:Middlewares/Third_Party/SystemView/SEGGER/SEGGER_SYSVIEW_FreeRTOS.c **** /*********************************************************************
 150:Middlewares/Third_Party/SystemView/SEGGER/SEGGER_SYSVIEW_FreeRTOS.c **** *
 151:Middlewares/Third_Party/SystemView/SEGGER/SEGGER_SYSVIEW_FreeRTOS.c **** *       SYSVIEW_UpdateTask()
ARM GAS  C:\Users\luoha\AppData\Local\Temp\ccmh2E5y.s 			page 5


 152:Middlewares/Third_Party/SystemView/SEGGER/SEGGER_SYSVIEW_FreeRTOS.c **** *
 153:Middlewares/Third_Party/SystemView/SEGGER/SEGGER_SYSVIEW_FreeRTOS.c **** *  Function description
 154:Middlewares/Third_Party/SystemView/SEGGER/SEGGER_SYSVIEW_FreeRTOS.c **** *    Update a task in the internal list and record its information.
 155:Middlewares/Third_Party/SystemView/SEGGER/SEGGER_SYSVIEW_FreeRTOS.c **** */
 156:Middlewares/Third_Party/SystemView/SEGGER/SEGGER_SYSVIEW_FreeRTOS.c **** void SYSVIEW_UpdateTask(U32 xHandle, const char* pcTaskName, unsigned uxCurrentPriority, U32 pxStac
 157:Middlewares/Third_Party/SystemView/SEGGER/SEGGER_SYSVIEW_FreeRTOS.c ****   unsigned n;
 158:Middlewares/Third_Party/SystemView/SEGGER/SEGGER_SYSVIEW_FreeRTOS.c ****   
 159:Middlewares/Third_Party/SystemView/SEGGER/SEGGER_SYSVIEW_FreeRTOS.c ****   if (memcmp(pcTaskName, "IDLE", 5) == 0) {
 160:Middlewares/Third_Party/SystemView/SEGGER/SEGGER_SYSVIEW_FreeRTOS.c ****     return;
 161:Middlewares/Third_Party/SystemView/SEGGER/SEGGER_SYSVIEW_FreeRTOS.c ****   }
 162:Middlewares/Third_Party/SystemView/SEGGER/SEGGER_SYSVIEW_FreeRTOS.c **** 
 163:Middlewares/Third_Party/SystemView/SEGGER/SEGGER_SYSVIEW_FreeRTOS.c ****   for (n = 0; n < _NumTasks; n++) {
 164:Middlewares/Third_Party/SystemView/SEGGER/SEGGER_SYSVIEW_FreeRTOS.c ****     if (_aTasks[n].xHandle == xHandle) {
 165:Middlewares/Third_Party/SystemView/SEGGER/SEGGER_SYSVIEW_FreeRTOS.c ****       break;
 166:Middlewares/Third_Party/SystemView/SEGGER/SEGGER_SYSVIEW_FreeRTOS.c ****     }
 167:Middlewares/Third_Party/SystemView/SEGGER/SEGGER_SYSVIEW_FreeRTOS.c ****   }
 168:Middlewares/Third_Party/SystemView/SEGGER/SEGGER_SYSVIEW_FreeRTOS.c ****   if (n < _NumTasks) {
 169:Middlewares/Third_Party/SystemView/SEGGER/SEGGER_SYSVIEW_FreeRTOS.c ****     _aTasks[n].pcTaskName = pcTaskName;
 170:Middlewares/Third_Party/SystemView/SEGGER/SEGGER_SYSVIEW_FreeRTOS.c ****     _aTasks[n].uxCurrentPriority = uxCurrentPriority;
 171:Middlewares/Third_Party/SystemView/SEGGER/SEGGER_SYSVIEW_FreeRTOS.c ****     _aTasks[n].pxStack = pxStack;
 172:Middlewares/Third_Party/SystemView/SEGGER/SEGGER_SYSVIEW_FreeRTOS.c ****     _aTasks[n].uStackHighWaterMark = uStackHighWaterMark;
 173:Middlewares/Third_Party/SystemView/SEGGER/SEGGER_SYSVIEW_FreeRTOS.c **** 
 174:Middlewares/Third_Party/SystemView/SEGGER/SEGGER_SYSVIEW_FreeRTOS.c ****     SYSVIEW_SendTaskInfo(xHandle, pcTaskName, uxCurrentPriority, pxStack, uStackHighWaterMark);
 175:Middlewares/Third_Party/SystemView/SEGGER/SEGGER_SYSVIEW_FreeRTOS.c ****   } else {
 176:Middlewares/Third_Party/SystemView/SEGGER/SEGGER_SYSVIEW_FreeRTOS.c ****     SYSVIEW_AddTask(xHandle, pcTaskName, uxCurrentPriority, pxStack, uStackHighWaterMark);
 177:Middlewares/Third_Party/SystemView/SEGGER/SEGGER_SYSVIEW_FreeRTOS.c ****   }
 178:Middlewares/Third_Party/SystemView/SEGGER/SEGGER_SYSVIEW_FreeRTOS.c **** }
 179:Middlewares/Third_Party/SystemView/SEGGER/SEGGER_SYSVIEW_FreeRTOS.c **** 
 180:Middlewares/Third_Party/SystemView/SEGGER/SEGGER_SYSVIEW_FreeRTOS.c **** /*********************************************************************
 181:Middlewares/Third_Party/SystemView/SEGGER/SEGGER_SYSVIEW_FreeRTOS.c **** *
 182:Middlewares/Third_Party/SystemView/SEGGER/SEGGER_SYSVIEW_FreeRTOS.c **** *       SYSVIEW_DeleteTask()
 183:Middlewares/Third_Party/SystemView/SEGGER/SEGGER_SYSVIEW_FreeRTOS.c **** *
 184:Middlewares/Third_Party/SystemView/SEGGER/SEGGER_SYSVIEW_FreeRTOS.c **** *  Function description
 185:Middlewares/Third_Party/SystemView/SEGGER/SEGGER_SYSVIEW_FreeRTOS.c **** *    Delete a task from the internal list.
 186:Middlewares/Third_Party/SystemView/SEGGER/SEGGER_SYSVIEW_FreeRTOS.c **** */
 187:Middlewares/Third_Party/SystemView/SEGGER/SEGGER_SYSVIEW_FreeRTOS.c **** void SYSVIEW_DeleteTask(U32 xHandle) {
  81              		.loc 1 187 38 is_stmt 1 view -0
  82              		.cfi_startproc
  83              		@ args = 0, pretend = 0, frame = 0
  84              		@ frame_needed = 0, uses_anonymous_args = 0
  85              		@ link register save eliminated.
  86              		.loc 1 187 38 is_stmt 0 view .LVU11
  87 0000 F0B4     		push	{r4, r5, r6, r7}
  88              	.LCFI1:
  89              		.cfi_def_cfa_offset 16
  90              		.cfi_offset 4, -16
  91              		.cfi_offset 5, -12
  92              		.cfi_offset 6, -8
  93              		.cfi_offset 7, -4
 188:Middlewares/Third_Party/SystemView/SEGGER/SEGGER_SYSVIEW_FreeRTOS.c ****   unsigned n;
  94              		.loc 1 188 3 is_stmt 1 view .LVU12
 189:Middlewares/Third_Party/SystemView/SEGGER/SEGGER_SYSVIEW_FreeRTOS.c ****   
 190:Middlewares/Third_Party/SystemView/SEGGER/SEGGER_SYSVIEW_FreeRTOS.c ****   if (_NumTasks == 0) {
  95              		.loc 1 190 3 view .LVU13
  96              		.loc 1 190 17 is_stmt 0 view .LVU14
  97 0002 234B     		ldr	r3, .L12
  98 0004 1C68     		ldr	r4, [r3]
ARM GAS  C:\Users\luoha\AppData\Local\Temp\ccmh2E5y.s 			page 6


  99              		.loc 1 190 6 view .LVU15
 100 0006 84B1     		cbz	r4, .L3
 191:Middlewares/Third_Party/SystemView/SEGGER/SEGGER_SYSVIEW_FreeRTOS.c ****     return; // Early out
 192:Middlewares/Third_Party/SystemView/SEGGER/SEGGER_SYSVIEW_FreeRTOS.c ****   }  
 193:Middlewares/Third_Party/SystemView/SEGGER/SEGGER_SYSVIEW_FreeRTOS.c ****   for (n = 0; n < _NumTasks; n++) {
 101              		.loc 1 193 10 view .LVU16
 102 0008 0023     		movs	r3, #0
 103              	.L5:
 104              	.LVL5:
 105              		.loc 1 193 15 is_stmt 1 discriminator 1 view .LVU17
 106              		.loc 1 193 3 is_stmt 0 discriminator 1 view .LVU18
 107 000a 9C42     		cmp	r4, r3
 108 000c 08D9     		bls	.L6
 194:Middlewares/Third_Party/SystemView/SEGGER/SEGGER_SYSVIEW_FreeRTOS.c ****     if (_aTasks[n].xHandle == xHandle) {
 109              		.loc 1 194 5 is_stmt 1 view .LVU19
 110              		.loc 1 194 19 is_stmt 0 view .LVU20
 111 000e 03EB8302 		add	r2, r3, r3, lsl #2
 112 0012 2049     		ldr	r1, .L12+4
 113 0014 51F82220 		ldr	r2, [r1, r2, lsl #2]
 114              		.loc 1 194 8 view .LVU21
 115 0018 8242     		cmp	r2, r0
 116 001a 01D0     		beq	.L6
 193:Middlewares/Third_Party/SystemView/SEGGER/SEGGER_SYSVIEW_FreeRTOS.c ****     if (_aTasks[n].xHandle == xHandle) {
 117              		.loc 1 193 30 is_stmt 1 discriminator 2 view .LVU22
 193:Middlewares/Third_Party/SystemView/SEGGER/SEGGER_SYSVIEW_FreeRTOS.c ****     if (_aTasks[n].xHandle == xHandle) {
 118              		.loc 1 193 31 is_stmt 0 discriminator 2 view .LVU23
 119 001c 0133     		adds	r3, r3, #1
 120              	.LVL6:
 193:Middlewares/Third_Party/SystemView/SEGGER/SEGGER_SYSVIEW_FreeRTOS.c ****     if (_aTasks[n].xHandle == xHandle) {
 121              		.loc 1 193 31 discriminator 2 view .LVU24
 122 001e F4E7     		b	.L5
 123              	.L6:
 195:Middlewares/Third_Party/SystemView/SEGGER/SEGGER_SYSVIEW_FreeRTOS.c ****       break;
 196:Middlewares/Third_Party/SystemView/SEGGER/SEGGER_SYSVIEW_FreeRTOS.c ****     }
 197:Middlewares/Third_Party/SystemView/SEGGER/SEGGER_SYSVIEW_FreeRTOS.c ****   }
 198:Middlewares/Third_Party/SystemView/SEGGER/SEGGER_SYSVIEW_FreeRTOS.c ****   if (n == (_NumTasks - 1)) {  
 124              		.loc 1 198 3 is_stmt 1 view .LVU25
 125              		.loc 1 198 23 is_stmt 0 view .LVU26
 126 0020 651E     		subs	r5, r4, #1
 127              		.loc 1 198 6 view .LVU27
 128 0022 9D42     		cmp	r5, r3
 129 0024 03D0     		beq	.L10
 199:Middlewares/Third_Party/SystemView/SEGGER/SEGGER_SYSVIEW_FreeRTOS.c ****     //
 200:Middlewares/Third_Party/SystemView/SEGGER/SEGGER_SYSVIEW_FreeRTOS.c ****     // Task is last item in list.
 201:Middlewares/Third_Party/SystemView/SEGGER/SEGGER_SYSVIEW_FreeRTOS.c ****     // Simply zero the item and decrement number of tasks.
 202:Middlewares/Third_Party/SystemView/SEGGER/SEGGER_SYSVIEW_FreeRTOS.c ****     //
 203:Middlewares/Third_Party/SystemView/SEGGER/SEGGER_SYSVIEW_FreeRTOS.c ****     memset(&_aTasks[n], 0, sizeof(_aTasks[n]));
 204:Middlewares/Third_Party/SystemView/SEGGER/SEGGER_SYSVIEW_FreeRTOS.c ****     _NumTasks--;
 205:Middlewares/Third_Party/SystemView/SEGGER/SEGGER_SYSVIEW_FreeRTOS.c ****   } else if (n < _NumTasks) {
 130              		.loc 1 205 10 is_stmt 1 view .LVU28
 131              		.loc 1 205 13 is_stmt 0 view .LVU29
 132 0026 9C42     		cmp	r4, r3
 133 0028 10D8     		bhi	.L11
 134              	.LVL7:
 135              	.L3:
 206:Middlewares/Third_Party/SystemView/SEGGER/SEGGER_SYSVIEW_FreeRTOS.c ****     //
 207:Middlewares/Third_Party/SystemView/SEGGER/SEGGER_SYSVIEW_FreeRTOS.c ****     // Task is in the middle of the list.
ARM GAS  C:\Users\luoha\AppData\Local\Temp\ccmh2E5y.s 			page 7


 208:Middlewares/Third_Party/SystemView/SEGGER/SEGGER_SYSVIEW_FreeRTOS.c ****     // Move last item to current position and decrement number of tasks.
 209:Middlewares/Third_Party/SystemView/SEGGER/SEGGER_SYSVIEW_FreeRTOS.c ****     // Order of tasks does not really matter, so no need to move all following items.
 210:Middlewares/Third_Party/SystemView/SEGGER/SEGGER_SYSVIEW_FreeRTOS.c ****     //
 211:Middlewares/Third_Party/SystemView/SEGGER/SEGGER_SYSVIEW_FreeRTOS.c ****     _aTasks[n].xHandle             = _aTasks[_NumTasks - 1].xHandle;
 212:Middlewares/Third_Party/SystemView/SEGGER/SEGGER_SYSVIEW_FreeRTOS.c ****     _aTasks[n].pcTaskName          = _aTasks[_NumTasks - 1].pcTaskName;
 213:Middlewares/Third_Party/SystemView/SEGGER/SEGGER_SYSVIEW_FreeRTOS.c ****     _aTasks[n].uxCurrentPriority   = _aTasks[_NumTasks - 1].uxCurrentPriority;
 214:Middlewares/Third_Party/SystemView/SEGGER/SEGGER_SYSVIEW_FreeRTOS.c ****     _aTasks[n].pxStack             = _aTasks[_NumTasks - 1].pxStack;
 215:Middlewares/Third_Party/SystemView/SEGGER/SEGGER_SYSVIEW_FreeRTOS.c ****     _aTasks[n].uStackHighWaterMark = _aTasks[_NumTasks - 1].uStackHighWaterMark;
 216:Middlewares/Third_Party/SystemView/SEGGER/SEGGER_SYSVIEW_FreeRTOS.c ****     memset(&_aTasks[_NumTasks - 1], 0, sizeof(_aTasks[_NumTasks - 1]));
 217:Middlewares/Third_Party/SystemView/SEGGER/SEGGER_SYSVIEW_FreeRTOS.c ****     _NumTasks--;
 218:Middlewares/Third_Party/SystemView/SEGGER/SEGGER_SYSVIEW_FreeRTOS.c ****   }
 219:Middlewares/Third_Party/SystemView/SEGGER/SEGGER_SYSVIEW_FreeRTOS.c **** }
 136              		.loc 1 219 1 view .LVU30
 137 002a F0BC     		pop	{r4, r5, r6, r7}
 138              	.LCFI2:
 139              		.cfi_remember_state
 140              		.cfi_restore 7
 141              		.cfi_restore 6
 142              		.cfi_restore 5
 143              		.cfi_restore 4
 144              		.cfi_def_cfa_offset 0
 145 002c 7047     		bx	lr
 146              	.LVL8:
 147              	.L10:
 148              	.LCFI3:
 149              		.cfi_restore_state
 203:Middlewares/Third_Party/SystemView/SEGGER/SEGGER_SYSVIEW_FreeRTOS.c ****     _NumTasks--;
 150              		.loc 1 203 5 is_stmt 1 view .LVU31
 203:Middlewares/Third_Party/SystemView/SEGGER/SEGGER_SYSVIEW_FreeRTOS.c ****     _NumTasks--;
 151              		.loc 1 203 12 is_stmt 0 view .LVU32
 152 002e 1948     		ldr	r0, .L12+4
 153              	.LVL9:
 203:Middlewares/Third_Party/SystemView/SEGGER/SEGGER_SYSVIEW_FreeRTOS.c ****     _NumTasks--;
 154              		.loc 1 203 12 view .LVU33
 155 0030 03EB8303 		add	r3, r3, r3, lsl #2
 156              	.LVL10:
 203:Middlewares/Third_Party/SystemView/SEGGER/SEGGER_SYSVIEW_FreeRTOS.c ****     _NumTasks--;
 157              		.loc 1 203 12 view .LVU34
 158 0034 00EB8301 		add	r1, r0, r3, lsl #2
 203:Middlewares/Third_Party/SystemView/SEGGER/SEGGER_SYSVIEW_FreeRTOS.c ****     _NumTasks--;
 159              		.loc 1 203 5 view .LVU35
 160 0038 0022     		movs	r2, #0
 161 003a 40F82320 		str	r2, [r0, r3, lsl #2]	@ unaligned
 162 003e 4A60     		str	r2, [r1, #4]	@ unaligned
 163 0040 8A60     		str	r2, [r1, #8]	@ unaligned
 164 0042 CA60     		str	r2, [r1, #12]	@ unaligned
 165 0044 0A61     		str	r2, [r1, #16]	@ unaligned
 204:Middlewares/Third_Party/SystemView/SEGGER/SEGGER_SYSVIEW_FreeRTOS.c ****   } else if (n < _NumTasks) {
 166              		.loc 1 204 5 is_stmt 1 view .LVU36
 204:Middlewares/Third_Party/SystemView/SEGGER/SEGGER_SYSVIEW_FreeRTOS.c ****   } else if (n < _NumTasks) {
 167              		.loc 1 204 14 is_stmt 0 view .LVU37
 168 0046 124B     		ldr	r3, .L12
 169 0048 1D60     		str	r5, [r3]
 170 004a EEE7     		b	.L3
 171              	.LVL11:
 172              	.L11:
 211:Middlewares/Third_Party/SystemView/SEGGER/SEGGER_SYSVIEW_FreeRTOS.c ****     _aTasks[n].pcTaskName          = _aTasks[_NumTasks - 1].pcTaskName;
ARM GAS  C:\Users\luoha\AppData\Local\Temp\ccmh2E5y.s 			page 8


 173              		.loc 1 211 5 is_stmt 1 view .LVU38
 211:Middlewares/Third_Party/SystemView/SEGGER/SEGGER_SYSVIEW_FreeRTOS.c ****     _aTasks[n].pcTaskName          = _aTasks[_NumTasks - 1].pcTaskName;
 174              		.loc 1 211 60 is_stmt 0 view .LVU39
 175 004c 114C     		ldr	r4, .L12+4
 176 004e 05EB8502 		add	r2, r5, r5, lsl #2
 177 0052 9600     		lsls	r6, r2, #2
 178 0054 04EB8202 		add	r2, r4, r2, lsl #2
 179 0058 A759     		ldr	r7, [r4, r6]
 211:Middlewares/Third_Party/SystemView/SEGGER/SEGGER_SYSVIEW_FreeRTOS.c ****     _aTasks[n].pcTaskName          = _aTasks[_NumTasks - 1].pcTaskName;
 180              		.loc 1 211 36 view .LVU40
 181 005a 03EB8300 		add	r0, r3, r3, lsl #2
 182              	.LVL12:
 211:Middlewares/Third_Party/SystemView/SEGGER/SEGGER_SYSVIEW_FreeRTOS.c ****     _aTasks[n].pcTaskName          = _aTasks[_NumTasks - 1].pcTaskName;
 183              		.loc 1 211 36 view .LVU41
 184 005e 04EB8001 		add	r1, r4, r0, lsl #2
 185 0062 44F82070 		str	r7, [r4, r0, lsl #2]
 212:Middlewares/Third_Party/SystemView/SEGGER/SEGGER_SYSVIEW_FreeRTOS.c ****     _aTasks[n].uxCurrentPriority   = _aTasks[_NumTasks - 1].uxCurrentPriority;
 186              		.loc 1 212 5 is_stmt 1 view .LVU42
 212:Middlewares/Third_Party/SystemView/SEGGER/SEGGER_SYSVIEW_FreeRTOS.c ****     _aTasks[n].uxCurrentPriority   = _aTasks[_NumTasks - 1].uxCurrentPriority;
 187              		.loc 1 212 60 is_stmt 0 view .LVU43
 188 0066 5068     		ldr	r0, [r2, #4]
 212:Middlewares/Third_Party/SystemView/SEGGER/SEGGER_SYSVIEW_FreeRTOS.c ****     _aTasks[n].uxCurrentPriority   = _aTasks[_NumTasks - 1].uxCurrentPriority;
 189              		.loc 1 212 36 view .LVU44
 190 0068 4860     		str	r0, [r1, #4]
 213:Middlewares/Third_Party/SystemView/SEGGER/SEGGER_SYSVIEW_FreeRTOS.c ****     _aTasks[n].pxStack             = _aTasks[_NumTasks - 1].pxStack;
 191              		.loc 1 213 5 is_stmt 1 view .LVU45
 213:Middlewares/Third_Party/SystemView/SEGGER/SEGGER_SYSVIEW_FreeRTOS.c ****     _aTasks[n].pxStack             = _aTasks[_NumTasks - 1].pxStack;
 192              		.loc 1 213 60 is_stmt 0 view .LVU46
 193 006a 9068     		ldr	r0, [r2, #8]
 213:Middlewares/Third_Party/SystemView/SEGGER/SEGGER_SYSVIEW_FreeRTOS.c ****     _aTasks[n].pxStack             = _aTasks[_NumTasks - 1].pxStack;
 194              		.loc 1 213 36 view .LVU47
 195 006c 8860     		str	r0, [r1, #8]
 214:Middlewares/Third_Party/SystemView/SEGGER/SEGGER_SYSVIEW_FreeRTOS.c ****     _aTasks[n].uStackHighWaterMark = _aTasks[_NumTasks - 1].uStackHighWaterMark;
 196              		.loc 1 214 5 is_stmt 1 view .LVU48
 214:Middlewares/Third_Party/SystemView/SEGGER/SEGGER_SYSVIEW_FreeRTOS.c ****     _aTasks[n].uStackHighWaterMark = _aTasks[_NumTasks - 1].uStackHighWaterMark;
 197              		.loc 1 214 60 is_stmt 0 view .LVU49
 198 006e D068     		ldr	r0, [r2, #12]
 214:Middlewares/Third_Party/SystemView/SEGGER/SEGGER_SYSVIEW_FreeRTOS.c ****     _aTasks[n].uStackHighWaterMark = _aTasks[_NumTasks - 1].uStackHighWaterMark;
 199              		.loc 1 214 36 view .LVU50
 200 0070 C860     		str	r0, [r1, #12]
 215:Middlewares/Third_Party/SystemView/SEGGER/SEGGER_SYSVIEW_FreeRTOS.c ****     memset(&_aTasks[_NumTasks - 1], 0, sizeof(_aTasks[_NumTasks - 1]));
 201              		.loc 1 215 5 is_stmt 1 view .LVU51
 215:Middlewares/Third_Party/SystemView/SEGGER/SEGGER_SYSVIEW_FreeRTOS.c ****     memset(&_aTasks[_NumTasks - 1], 0, sizeof(_aTasks[_NumTasks - 1]));
 202              		.loc 1 215 60 is_stmt 0 view .LVU52
 203 0072 1169     		ldr	r1, [r2, #16]
 215:Middlewares/Third_Party/SystemView/SEGGER/SEGGER_SYSVIEW_FreeRTOS.c ****     memset(&_aTasks[_NumTasks - 1], 0, sizeof(_aTasks[_NumTasks - 1]));
 204              		.loc 1 215 36 view .LVU53
 205 0074 03EB8303 		add	r3, r3, r3, lsl #2
 206              	.LVL13:
 215:Middlewares/Third_Party/SystemView/SEGGER/SEGGER_SYSVIEW_FreeRTOS.c ****     memset(&_aTasks[_NumTasks - 1], 0, sizeof(_aTasks[_NumTasks - 1]));
 207              		.loc 1 215 36 view .LVU54
 208 0078 04EB8303 		add	r3, r4, r3, lsl #2
 209 007c 1961     		str	r1, [r3, #16]
 216:Middlewares/Third_Party/SystemView/SEGGER/SEGGER_SYSVIEW_FreeRTOS.c ****     _NumTasks--;
 210              		.loc 1 216 5 is_stmt 1 view .LVU55
 211 007e 0023     		movs	r3, #0
 212 0080 A351     		str	r3, [r4, r6]	@ unaligned
ARM GAS  C:\Users\luoha\AppData\Local\Temp\ccmh2E5y.s 			page 9


 213 0082 5360     		str	r3, [r2, #4]	@ unaligned
 214 0084 9360     		str	r3, [r2, #8]	@ unaligned
 215 0086 D360     		str	r3, [r2, #12]	@ unaligned
 216 0088 1361     		str	r3, [r2, #16]	@ unaligned
 217:Middlewares/Third_Party/SystemView/SEGGER/SEGGER_SYSVIEW_FreeRTOS.c ****   }
 217              		.loc 1 217 5 view .LVU56
 217:Middlewares/Third_Party/SystemView/SEGGER/SEGGER_SYSVIEW_FreeRTOS.c ****   }
 218              		.loc 1 217 14 is_stmt 0 view .LVU57
 219 008a 014B     		ldr	r3, .L12
 220 008c 1D60     		str	r5, [r3]
 221 008e CCE7     		b	.L3
 222              	.L13:
 223              		.align	2
 224              	.L12:
 225 0090 00000000 		.word	.LANCHOR0
 226 0094 00000000 		.word	.LANCHOR1
 227              		.cfi_endproc
 228              	.LFE9:
 230              		.section	.text.SYSVIEW_SendTaskInfo,"ax",%progbits
 231              		.align	1
 232              		.global	SYSVIEW_SendTaskInfo
 233              		.syntax unified
 234              		.thumb
 235              		.thumb_func
 236              		.fpu fpv4-sp-d16
 238              	SYSVIEW_SendTaskInfo:
 239              	.LVL14:
 240              	.LFB10:
 220:Middlewares/Third_Party/SystemView/SEGGER/SEGGER_SYSVIEW_FreeRTOS.c **** 
 221:Middlewares/Third_Party/SystemView/SEGGER/SEGGER_SYSVIEW_FreeRTOS.c **** /*********************************************************************
 222:Middlewares/Third_Party/SystemView/SEGGER/SEGGER_SYSVIEW_FreeRTOS.c **** *
 223:Middlewares/Third_Party/SystemView/SEGGER/SEGGER_SYSVIEW_FreeRTOS.c **** *       SYSVIEW_SendTaskInfo()
 224:Middlewares/Third_Party/SystemView/SEGGER/SEGGER_SYSVIEW_FreeRTOS.c **** *
 225:Middlewares/Third_Party/SystemView/SEGGER/SEGGER_SYSVIEW_FreeRTOS.c **** *  Function description
 226:Middlewares/Third_Party/SystemView/SEGGER/SEGGER_SYSVIEW_FreeRTOS.c **** *    Record task information.
 227:Middlewares/Third_Party/SystemView/SEGGER/SEGGER_SYSVIEW_FreeRTOS.c **** */
 228:Middlewares/Third_Party/SystemView/SEGGER/SEGGER_SYSVIEW_FreeRTOS.c **** void SYSVIEW_SendTaskInfo(U32 TaskID, const char* sName, unsigned Prio, U32 StackBase, unsigned Sta
 241              		.loc 1 228 108 is_stmt 1 view -0
 242              		.cfi_startproc
 243              		@ args = 4, pretend = 0, frame = 24
 244              		@ frame_needed = 0, uses_anonymous_args = 0
 245              		.loc 1 228 108 is_stmt 0 view .LVU59
 246 0000 00B5     		push	{lr}
 247              	.LCFI4:
 248              		.cfi_def_cfa_offset 4
 249              		.cfi_offset 14, -4
 250 0002 87B0     		sub	sp, sp, #28
 251              	.LCFI5:
 252              		.cfi_def_cfa_offset 32
 229:Middlewares/Third_Party/SystemView/SEGGER/SEGGER_SYSVIEW_FreeRTOS.c ****   SEGGER_SYSVIEW_TASKINFO TaskInfo;
 253              		.loc 1 229 3 is_stmt 1 view .LVU60
 230:Middlewares/Third_Party/SystemView/SEGGER/SEGGER_SYSVIEW_FreeRTOS.c **** 
 231:Middlewares/Third_Party/SystemView/SEGGER/SEGGER_SYSVIEW_FreeRTOS.c ****   memset(&TaskInfo, 0, sizeof(TaskInfo)); // Fill all elements with 0 to allow extending the struct
 254              		.loc 1 231 3 view .LVU61
 232:Middlewares/Third_Party/SystemView/SEGGER/SEGGER_SYSVIEW_FreeRTOS.c ****   TaskInfo.TaskID     = TaskID;
 255              		.loc 1 232 3 view .LVU62
 256              		.loc 1 232 23 is_stmt 0 view .LVU63
ARM GAS  C:\Users\luoha\AppData\Local\Temp\ccmh2E5y.s 			page 10


 257 0004 0190     		str	r0, [sp, #4]
 233:Middlewares/Third_Party/SystemView/SEGGER/SEGGER_SYSVIEW_FreeRTOS.c ****   TaskInfo.sName      = sName;
 258              		.loc 1 233 3 is_stmt 1 view .LVU64
 259              		.loc 1 233 23 is_stmt 0 view .LVU65
 260 0006 0291     		str	r1, [sp, #8]
 234:Middlewares/Third_Party/SystemView/SEGGER/SEGGER_SYSVIEW_FreeRTOS.c ****   TaskInfo.Prio       = Prio;
 261              		.loc 1 234 3 is_stmt 1 view .LVU66
 262              		.loc 1 234 23 is_stmt 0 view .LVU67
 263 0008 0392     		str	r2, [sp, #12]
 235:Middlewares/Third_Party/SystemView/SEGGER/SEGGER_SYSVIEW_FreeRTOS.c ****   TaskInfo.StackBase  = StackBase;
 264              		.loc 1 235 3 is_stmt 1 view .LVU68
 265              		.loc 1 235 23 is_stmt 0 view .LVU69
 266 000a 0493     		str	r3, [sp, #16]
 236:Middlewares/Third_Party/SystemView/SEGGER/SEGGER_SYSVIEW_FreeRTOS.c ****   TaskInfo.StackSize  = StackSize;
 267              		.loc 1 236 3 is_stmt 1 view .LVU70
 268              		.loc 1 236 23 is_stmt 0 view .LVU71
 269 000c 089B     		ldr	r3, [sp, #32]
 270              	.LVL15:
 271              		.loc 1 236 23 view .LVU72
 272 000e 0593     		str	r3, [sp, #20]
 237:Middlewares/Third_Party/SystemView/SEGGER/SEGGER_SYSVIEW_FreeRTOS.c ****   SEGGER_SYSVIEW_SendTaskInfo(&TaskInfo);
 273              		.loc 1 237 3 is_stmt 1 view .LVU73
 274 0010 01A8     		add	r0, sp, #4
 275              	.LVL16:
 276              		.loc 1 237 3 is_stmt 0 view .LVU74
 277 0012 FFF7FEFF 		bl	SEGGER_SYSVIEW_SendTaskInfo
 278              	.LVL17:
 238:Middlewares/Third_Party/SystemView/SEGGER/SEGGER_SYSVIEW_FreeRTOS.c **** }
 279              		.loc 1 238 1 view .LVU75
 280 0016 07B0     		add	sp, sp, #28
 281              	.LCFI6:
 282              		.cfi_def_cfa_offset 4
 283              		@ sp needed
 284 0018 5DF804FB 		ldr	pc, [sp], #4
 285              		.loc 1 238 1 view .LVU76
 286              		.cfi_endproc
 287              	.LFE10:
 289              		.section	.rodata.SYSVIEW_AddTask.str1.4,"aMS",%progbits,1
 290              		.align	2
 291              	.LC0:
 292 0000 49444C45 		.ascii	"IDLE\000"
 292      00
 293 0005 000000   		.align	2
 294              	.LC1:
 295 0008 53595354 		.ascii	"SYSTEMVIEW: Could not record task information. Maxi"
 295      454D5649 
 295      45573A20 
 295      436F756C 
 295      64206E6F 
 296 003b 6D756D20 		.ascii	"mum number of tasks reached.\000"
 296      6E756D62 
 296      6572206F 
 296      66207461 
 296      736B7320 
 297              		.section	.text.SYSVIEW_AddTask,"ax",%progbits
 298              		.align	1
 299              		.global	SYSVIEW_AddTask
ARM GAS  C:\Users\luoha\AppData\Local\Temp\ccmh2E5y.s 			page 11


 300              		.syntax unified
 301              		.thumb
 302              		.thumb_func
 303              		.fpu fpv4-sp-d16
 305              	SYSVIEW_AddTask:
 306              	.LVL18:
 307              	.LFB7:
 126:Middlewares/Third_Party/SystemView/SEGGER/SEGGER_SYSVIEW_FreeRTOS.c ****   
 308              		.loc 1 126 131 is_stmt 1 view -0
 309              		.cfi_startproc
 310              		@ args = 4, pretend = 0, frame = 0
 311              		@ frame_needed = 0, uses_anonymous_args = 0
 126:Middlewares/Third_Party/SystemView/SEGGER/SEGGER_SYSVIEW_FreeRTOS.c ****   
 312              		.loc 1 126 131 is_stmt 0 view .LVU78
 313 0000 F0B5     		push	{r4, r5, r6, r7, lr}
 314              	.LCFI7:
 315              		.cfi_def_cfa_offset 20
 316              		.cfi_offset 4, -20
 317              		.cfi_offset 5, -16
 318              		.cfi_offset 6, -12
 319              		.cfi_offset 7, -8
 320              		.cfi_offset 14, -4
 321 0002 83B0     		sub	sp, sp, #12
 322              	.LCFI8:
 323              		.cfi_def_cfa_offset 32
 324 0004 0546     		mov	r5, r0
 325 0006 0C46     		mov	r4, r1
 326 0008 1646     		mov	r6, r2
 327 000a 1F46     		mov	r7, r3
 128:Middlewares/Third_Party/SystemView/SEGGER/SEGGER_SYSVIEW_FreeRTOS.c ****     return;
 328              		.loc 1 128 3 is_stmt 1 view .LVU79
 128:Middlewares/Third_Party/SystemView/SEGGER/SEGGER_SYSVIEW_FreeRTOS.c ****     return;
 329              		.loc 1 128 7 is_stmt 0 view .LVU80
 330 000c 0522     		movs	r2, #5
 331              	.LVL19:
 128:Middlewares/Third_Party/SystemView/SEGGER/SEGGER_SYSVIEW_FreeRTOS.c ****     return;
 332              		.loc 1 128 7 view .LVU81
 333 000e 1349     		ldr	r1, .L21
 334              	.LVL20:
 128:Middlewares/Third_Party/SystemView/SEGGER/SEGGER_SYSVIEW_FreeRTOS.c ****     return;
 335              		.loc 1 128 7 view .LVU82
 336 0010 2046     		mov	r0, r4
 337              	.LVL21:
 128:Middlewares/Third_Party/SystemView/SEGGER/SEGGER_SYSVIEW_FreeRTOS.c ****     return;
 338              		.loc 1 128 7 view .LVU83
 339 0012 FFF7FEFF 		bl	memcmp
 340              	.LVL22:
 128:Middlewares/Third_Party/SystemView/SEGGER/SEGGER_SYSVIEW_FreeRTOS.c ****     return;
 341              		.loc 1 128 6 view .LVU84
 342 0016 D0B1     		cbz	r0, .L16
 132:Middlewares/Third_Party/SystemView/SEGGER/SEGGER_SYSVIEW_FreeRTOS.c ****     SEGGER_SYSVIEW_Warn("SYSTEMVIEW: Could not record task information. Maximum number of tasks rea
 343              		.loc 1 132 3 is_stmt 1 view .LVU85
 132:Middlewares/Third_Party/SystemView/SEGGER/SEGGER_SYSVIEW_FreeRTOS.c ****     SEGGER_SYSVIEW_Warn("SYSTEMVIEW: Could not record task information. Maximum number of tasks rea
 344              		.loc 1 132 17 is_stmt 0 view .LVU86
 345 0018 114B     		ldr	r3, .L21+4
 346 001a 1A68     		ldr	r2, [r3]
 132:Middlewares/Third_Party/SystemView/SEGGER/SEGGER_SYSVIEW_FreeRTOS.c ****     SEGGER_SYSVIEW_Warn("SYSTEMVIEW: Could not record task information. Maximum number of tasks rea
ARM GAS  C:\Users\luoha\AppData\Local\Temp\ccmh2E5y.s 			page 12


 347              		.loc 1 132 6 view .LVU87
 348 001c 072A     		cmp	r2, #7
 349 001e 18D8     		bhi	.L20
 137:Middlewares/Third_Party/SystemView/SEGGER/SEGGER_SYSVIEW_FreeRTOS.c ****   _aTasks[_NumTasks].pcTaskName = pcTaskName;
 350              		.loc 1 137 3 is_stmt 1 view .LVU88
 137:Middlewares/Third_Party/SystemView/SEGGER/SEGGER_SYSVIEW_FreeRTOS.c ****   _aTasks[_NumTasks].pcTaskName = pcTaskName;
 351              		.loc 1 137 30 is_stmt 0 view .LVU89
 352 0020 104B     		ldr	r3, .L21+8
 353 0022 02EB8200 		add	r0, r2, r2, lsl #2
 354 0026 03EB8001 		add	r1, r3, r0, lsl #2
 355 002a 43F82050 		str	r5, [r3, r0, lsl #2]
 138:Middlewares/Third_Party/SystemView/SEGGER/SEGGER_SYSVIEW_FreeRTOS.c ****   _aTasks[_NumTasks].uxCurrentPriority = uxCurrentPriority;
 356              		.loc 1 138 3 is_stmt 1 view .LVU90
 138:Middlewares/Third_Party/SystemView/SEGGER/SEGGER_SYSVIEW_FreeRTOS.c ****   _aTasks[_NumTasks].uxCurrentPriority = uxCurrentPriority;
 357              		.loc 1 138 33 is_stmt 0 view .LVU91
 358 002e 4C60     		str	r4, [r1, #4]
 139:Middlewares/Third_Party/SystemView/SEGGER/SEGGER_SYSVIEW_FreeRTOS.c ****   _aTasks[_NumTasks].pxStack = pxStack;
 359              		.loc 1 139 3 is_stmt 1 view .LVU92
 139:Middlewares/Third_Party/SystemView/SEGGER/SEGGER_SYSVIEW_FreeRTOS.c ****   _aTasks[_NumTasks].pxStack = pxStack;
 360              		.loc 1 139 40 is_stmt 0 view .LVU93
 361 0030 8E60     		str	r6, [r1, #8]
 140:Middlewares/Third_Party/SystemView/SEGGER/SEGGER_SYSVIEW_FreeRTOS.c ****   _aTasks[_NumTasks].uStackHighWaterMark = uStackHighWaterMark;
 362              		.loc 1 140 3 is_stmt 1 view .LVU94
 140:Middlewares/Third_Party/SystemView/SEGGER/SEGGER_SYSVIEW_FreeRTOS.c ****   _aTasks[_NumTasks].uStackHighWaterMark = uStackHighWaterMark;
 363              		.loc 1 140 30 is_stmt 0 view .LVU95
 364 0032 CF60     		str	r7, [r1, #12]
 141:Middlewares/Third_Party/SystemView/SEGGER/SEGGER_SYSVIEW_FreeRTOS.c **** 
 365              		.loc 1 141 3 is_stmt 1 view .LVU96
 141:Middlewares/Third_Party/SystemView/SEGGER/SEGGER_SYSVIEW_FreeRTOS.c **** 
 366              		.loc 1 141 42 is_stmt 0 view .LVU97
 367 0034 089B     		ldr	r3, [sp, #32]
 368 0036 0B61     		str	r3, [r1, #16]
 143:Middlewares/Third_Party/SystemView/SEGGER/SEGGER_SYSVIEW_FreeRTOS.c **** 
 369              		.loc 1 143 3 is_stmt 1 view .LVU98
 143:Middlewares/Third_Party/SystemView/SEGGER/SEGGER_SYSVIEW_FreeRTOS.c **** 
 370              		.loc 1 143 12 is_stmt 0 view .LVU99
 371 0038 0132     		adds	r2, r2, #1
 372 003a 094B     		ldr	r3, .L21+4
 373 003c 1A60     		str	r2, [r3]
 145:Middlewares/Third_Party/SystemView/SEGGER/SEGGER_SYSVIEW_FreeRTOS.c **** 
 374              		.loc 1 145 3 is_stmt 1 view .LVU100
 375 003e 089B     		ldr	r3, [sp, #32]
 376 0040 0093     		str	r3, [sp]
 377 0042 3B46     		mov	r3, r7
 378 0044 3246     		mov	r2, r6
 379 0046 2146     		mov	r1, r4
 380 0048 2846     		mov	r0, r5
 381 004a FFF7FEFF 		bl	SYSVIEW_SendTaskInfo
 382              	.LVL23:
 383              	.L16:
 147:Middlewares/Third_Party/SystemView/SEGGER/SEGGER_SYSVIEW_FreeRTOS.c **** 
 384              		.loc 1 147 1 is_stmt 0 view .LVU101
 385 004e 03B0     		add	sp, sp, #12
 386              	.LCFI9:
 387              		.cfi_remember_state
 388              		.cfi_def_cfa_offset 20
 389              		@ sp needed
ARM GAS  C:\Users\luoha\AppData\Local\Temp\ccmh2E5y.s 			page 13


 390 0050 F0BD     		pop	{r4, r5, r6, r7, pc}
 391              	.LVL24:
 392              	.L20:
 393              	.LCFI10:
 394              		.cfi_restore_state
 133:Middlewares/Third_Party/SystemView/SEGGER/SEGGER_SYSVIEW_FreeRTOS.c ****     return;
 395              		.loc 1 133 5 is_stmt 1 view .LVU102
 396 0052 0548     		ldr	r0, .L21+12
 397 0054 FFF7FEFF 		bl	SEGGER_SYSVIEW_Warn
 398              	.LVL25:
 134:Middlewares/Third_Party/SystemView/SEGGER/SEGGER_SYSVIEW_FreeRTOS.c ****   }
 399              		.loc 1 134 5 view .LVU103
 400 0058 F9E7     		b	.L16
 401              	.L22:
 402 005a 00BF     		.align	2
 403              	.L21:
 404 005c 00000000 		.word	.LC0
 405 0060 00000000 		.word	.LANCHOR0
 406 0064 00000000 		.word	.LANCHOR1
 407 0068 08000000 		.word	.LC1
 408              		.cfi_endproc
 409              	.LFE7:
 411              		.section	.text.SYSVIEW_UpdateTask,"ax",%progbits
 412              		.align	1
 413              		.global	SYSVIEW_UpdateTask
 414              		.syntax unified
 415              		.thumb
 416              		.thumb_func
 417              		.fpu fpv4-sp-d16
 419              	SYSVIEW_UpdateTask:
 420              	.LVL26:
 421              	.LFB8:
 156:Middlewares/Third_Party/SystemView/SEGGER/SEGGER_SYSVIEW_FreeRTOS.c ****   unsigned n;
 422              		.loc 1 156 133 view -0
 423              		.cfi_startproc
 424              		@ args = 4, pretend = 0, frame = 0
 425              		@ frame_needed = 0, uses_anonymous_args = 0
 156:Middlewares/Third_Party/SystemView/SEGGER/SEGGER_SYSVIEW_FreeRTOS.c ****   unsigned n;
 426              		.loc 1 156 133 is_stmt 0 view .LVU105
 427 0000 2DE9F043 		push	{r4, r5, r6, r7, r8, r9, lr}
 428              	.LCFI11:
 429              		.cfi_def_cfa_offset 28
 430              		.cfi_offset 4, -28
 431              		.cfi_offset 5, -24
 432              		.cfi_offset 6, -20
 433              		.cfi_offset 7, -16
 434              		.cfi_offset 8, -12
 435              		.cfi_offset 9, -8
 436              		.cfi_offset 14, -4
 437 0004 83B0     		sub	sp, sp, #12
 438              	.LCFI12:
 439              		.cfi_def_cfa_offset 40
 440 0006 0646     		mov	r6, r0
 441 0008 0F46     		mov	r7, r1
 442 000a 9046     		mov	r8, r2
 443 000c 9946     		mov	r9, r3
 157:Middlewares/Third_Party/SystemView/SEGGER/SEGGER_SYSVIEW_FreeRTOS.c ****   
ARM GAS  C:\Users\luoha\AppData\Local\Temp\ccmh2E5y.s 			page 14


 444              		.loc 1 157 3 is_stmt 1 view .LVU106
 159:Middlewares/Third_Party/SystemView/SEGGER/SEGGER_SYSVIEW_FreeRTOS.c ****     return;
 445              		.loc 1 159 3 view .LVU107
 159:Middlewares/Third_Party/SystemView/SEGGER/SEGGER_SYSVIEW_FreeRTOS.c ****     return;
 446              		.loc 1 159 7 is_stmt 0 view .LVU108
 447 000e 0522     		movs	r2, #5
 448              	.LVL27:
 159:Middlewares/Third_Party/SystemView/SEGGER/SEGGER_SYSVIEW_FreeRTOS.c ****     return;
 449              		.loc 1 159 7 view .LVU109
 450 0010 1A49     		ldr	r1, .L30
 451              	.LVL28:
 159:Middlewares/Third_Party/SystemView/SEGGER/SEGGER_SYSVIEW_FreeRTOS.c ****     return;
 452              		.loc 1 159 7 view .LVU110
 453 0012 3846     		mov	r0, r7
 454              	.LVL29:
 159:Middlewares/Third_Party/SystemView/SEGGER/SEGGER_SYSVIEW_FreeRTOS.c ****     return;
 455              		.loc 1 159 7 view .LVU111
 456 0014 FFF7FEFF 		bl	memcmp
 457              	.LVL30:
 159:Middlewares/Third_Party/SystemView/SEGGER/SEGGER_SYSVIEW_FreeRTOS.c ****     return;
 458              		.loc 1 159 6 view .LVU112
 459 0018 18B3     		cbz	r0, .L23
 163:Middlewares/Third_Party/SystemView/SEGGER/SEGGER_SYSVIEW_FreeRTOS.c ****     if (_aTasks[n].xHandle == xHandle) {
 460              		.loc 1 163 10 view .LVU113
 461 001a 0024     		movs	r4, #0
 462              	.L25:
 463              	.LVL31:
 163:Middlewares/Third_Party/SystemView/SEGGER/SEGGER_SYSVIEW_FreeRTOS.c ****     if (_aTasks[n].xHandle == xHandle) {
 464              		.loc 1 163 15 is_stmt 1 discriminator 1 view .LVU114
 163:Middlewares/Third_Party/SystemView/SEGGER/SEGGER_SYSVIEW_FreeRTOS.c ****     if (_aTasks[n].xHandle == xHandle) {
 465              		.loc 1 163 17 is_stmt 0 discriminator 1 view .LVU115
 466 001c 184B     		ldr	r3, .L30+4
 467 001e 1B68     		ldr	r3, [r3]
 163:Middlewares/Third_Party/SystemView/SEGGER/SEGGER_SYSVIEW_FreeRTOS.c ****     if (_aTasks[n].xHandle == xHandle) {
 468              		.loc 1 163 3 discriminator 1 view .LVU116
 469 0020 A342     		cmp	r3, r4
 470 0022 08D9     		bls	.L26
 164:Middlewares/Third_Party/SystemView/SEGGER/SEGGER_SYSVIEW_FreeRTOS.c ****       break;
 471              		.loc 1 164 5 is_stmt 1 view .LVU117
 164:Middlewares/Third_Party/SystemView/SEGGER/SEGGER_SYSVIEW_FreeRTOS.c ****       break;
 472              		.loc 1 164 19 is_stmt 0 view .LVU118
 473 0024 04EB8405 		add	r5, r4, r4, lsl #2
 474 0028 164A     		ldr	r2, .L30+8
 475 002a 52F82520 		ldr	r2, [r2, r5, lsl #2]
 164:Middlewares/Third_Party/SystemView/SEGGER/SEGGER_SYSVIEW_FreeRTOS.c ****       break;
 476              		.loc 1 164 8 view .LVU119
 477 002e B242     		cmp	r2, r6
 478 0030 01D0     		beq	.L26
 163:Middlewares/Third_Party/SystemView/SEGGER/SEGGER_SYSVIEW_FreeRTOS.c ****     if (_aTasks[n].xHandle == xHandle) {
 479              		.loc 1 163 30 is_stmt 1 discriminator 2 view .LVU120
 163:Middlewares/Third_Party/SystemView/SEGGER/SEGGER_SYSVIEW_FreeRTOS.c ****     if (_aTasks[n].xHandle == xHandle) {
 480              		.loc 1 163 31 is_stmt 0 discriminator 2 view .LVU121
 481 0032 0134     		adds	r4, r4, #1
 482              	.LVL32:
 163:Middlewares/Third_Party/SystemView/SEGGER/SEGGER_SYSVIEW_FreeRTOS.c ****     if (_aTasks[n].xHandle == xHandle) {
 483              		.loc 1 163 31 discriminator 2 view .LVU122
 484 0034 F2E7     		b	.L25
ARM GAS  C:\Users\luoha\AppData\Local\Temp\ccmh2E5y.s 			page 15


 485              	.L26:
 168:Middlewares/Third_Party/SystemView/SEGGER/SEGGER_SYSVIEW_FreeRTOS.c ****     _aTasks[n].pcTaskName = pcTaskName;
 486              		.loc 1 168 3 is_stmt 1 view .LVU123
 168:Middlewares/Third_Party/SystemView/SEGGER/SEGGER_SYSVIEW_FreeRTOS.c ****     _aTasks[n].pcTaskName = pcTaskName;
 487              		.loc 1 168 6 is_stmt 0 view .LVU124
 488 0036 A342     		cmp	r3, r4
 489 0038 16D9     		bls	.L28
 169:Middlewares/Third_Party/SystemView/SEGGER/SEGGER_SYSVIEW_FreeRTOS.c ****     _aTasks[n].uxCurrentPriority = uxCurrentPriority;
 490              		.loc 1 169 5 is_stmt 1 view .LVU125
 169:Middlewares/Third_Party/SystemView/SEGGER/SEGGER_SYSVIEW_FreeRTOS.c ****     _aTasks[n].uxCurrentPriority = uxCurrentPriority;
 491              		.loc 1 169 27 is_stmt 0 view .LVU126
 492 003a 124A     		ldr	r2, .L30+8
 493 003c 04EB8403 		add	r3, r4, r4, lsl #2
 494 0040 02EB8303 		add	r3, r2, r3, lsl #2
 495 0044 5F60     		str	r7, [r3, #4]
 170:Middlewares/Third_Party/SystemView/SEGGER/SEGGER_SYSVIEW_FreeRTOS.c ****     _aTasks[n].pxStack = pxStack;
 496              		.loc 1 170 5 is_stmt 1 view .LVU127
 170:Middlewares/Third_Party/SystemView/SEGGER/SEGGER_SYSVIEW_FreeRTOS.c ****     _aTasks[n].pxStack = pxStack;
 497              		.loc 1 170 34 is_stmt 0 view .LVU128
 498 0046 C3F80880 		str	r8, [r3, #8]
 171:Middlewares/Third_Party/SystemView/SEGGER/SEGGER_SYSVIEW_FreeRTOS.c ****     _aTasks[n].uStackHighWaterMark = uStackHighWaterMark;
 499              		.loc 1 171 5 is_stmt 1 view .LVU129
 171:Middlewares/Third_Party/SystemView/SEGGER/SEGGER_SYSVIEW_FreeRTOS.c ****     _aTasks[n].uStackHighWaterMark = uStackHighWaterMark;
 500              		.loc 1 171 24 is_stmt 0 view .LVU130
 501 004a C3F80C90 		str	r9, [r3, #12]
 172:Middlewares/Third_Party/SystemView/SEGGER/SEGGER_SYSVIEW_FreeRTOS.c **** 
 502              		.loc 1 172 5 is_stmt 1 view .LVU131
 172:Middlewares/Third_Party/SystemView/SEGGER/SEGGER_SYSVIEW_FreeRTOS.c **** 
 503              		.loc 1 172 36 is_stmt 0 view .LVU132
 504 004e 1C46     		mov	r4, r3
 505              	.LVL33:
 172:Middlewares/Third_Party/SystemView/SEGGER/SEGGER_SYSVIEW_FreeRTOS.c **** 
 506              		.loc 1 172 36 view .LVU133
 507 0050 0A9B     		ldr	r3, [sp, #40]
 508 0052 2361     		str	r3, [r4, #16]
 174:Middlewares/Third_Party/SystemView/SEGGER/SEGGER_SYSVIEW_FreeRTOS.c ****   } else {
 509              		.loc 1 174 5 is_stmt 1 view .LVU134
 510 0054 0093     		str	r3, [sp]
 511 0056 4B46     		mov	r3, r9
 512 0058 4246     		mov	r2, r8
 513 005a 3946     		mov	r1, r7
 514 005c 3046     		mov	r0, r6
 515 005e FFF7FEFF 		bl	SYSVIEW_SendTaskInfo
 516              	.LVL34:
 517              	.L23:
 178:Middlewares/Third_Party/SystemView/SEGGER/SEGGER_SYSVIEW_FreeRTOS.c **** 
 518              		.loc 1 178 1 is_stmt 0 view .LVU135
 519 0062 03B0     		add	sp, sp, #12
 520              	.LCFI13:
 521              		.cfi_remember_state
 522              		.cfi_def_cfa_offset 28
 523              		@ sp needed
 524 0064 BDE8F083 		pop	{r4, r5, r6, r7, r8, r9, pc}
 525              	.LVL35:
 526              	.L28:
 527              	.LCFI14:
 528              		.cfi_restore_state
ARM GAS  C:\Users\luoha\AppData\Local\Temp\ccmh2E5y.s 			page 16


 176:Middlewares/Third_Party/SystemView/SEGGER/SEGGER_SYSVIEW_FreeRTOS.c ****   }
 529              		.loc 1 176 5 is_stmt 1 view .LVU136
 530 0068 0A9B     		ldr	r3, [sp, #40]
 531 006a 0093     		str	r3, [sp]
 532 006c 4B46     		mov	r3, r9
 533 006e 4246     		mov	r2, r8
 534 0070 3946     		mov	r1, r7
 535 0072 3046     		mov	r0, r6
 536 0074 FFF7FEFF 		bl	SYSVIEW_AddTask
 537              	.LVL36:
 538 0078 F3E7     		b	.L23
 539              	.L31:
 540 007a 00BF     		.align	2
 541              	.L30:
 542 007c 00000000 		.word	.LC0
 543 0080 00000000 		.word	.LANCHOR0
 544 0084 00000000 		.word	.LANCHOR1
 545              		.cfi_endproc
 546              	.LFE8:
 548              		.section	.text._cbSendTaskList,"ax",%progbits
 549              		.align	1
 550              		.syntax unified
 551              		.thumb
 552              		.thumb_func
 553              		.fpu fpv4-sp-d16
 555              	_cbSendTaskList:
 556              	.LFB5:
  84:Middlewares/Third_Party/SystemView/SEGGER/SEGGER_SYSVIEW_FreeRTOS.c ****   unsigned n;
 557              		.loc 1 84 35 view -0
 558              		.cfi_startproc
 559              		@ args = 0, pretend = 0, frame = 0
 560              		@ frame_needed = 0, uses_anonymous_args = 0
 561 0000 30B5     		push	{r4, r5, lr}
 562              	.LCFI15:
 563              		.cfi_def_cfa_offset 12
 564              		.cfi_offset 4, -12
 565              		.cfi_offset 5, -8
 566              		.cfi_offset 14, -4
 567 0002 83B0     		sub	sp, sp, #12
 568              	.LCFI16:
 569              		.cfi_def_cfa_offset 24
  85:Middlewares/Third_Party/SystemView/SEGGER/SEGGER_SYSVIEW_FreeRTOS.c **** 
 570              		.loc 1 85 3 view .LVU138
  87:Middlewares/Third_Party/SystemView/SEGGER/SEGGER_SYSVIEW_FreeRTOS.c **** #if INCLUDE_uxTaskGetStackHighWaterMark // Report Task Stack High Watermark
 571              		.loc 1 87 3 view .LVU139
 572              	.LVL37:
  87:Middlewares/Third_Party/SystemView/SEGGER/SEGGER_SYSVIEW_FreeRTOS.c **** #if INCLUDE_uxTaskGetStackHighWaterMark // Report Task Stack High Watermark
 573              		.loc 1 87 10 is_stmt 0 view .LVU140
 574 0004 0024     		movs	r4, #0
 575              	.LVL38:
 576              	.L33:
  87:Middlewares/Third_Party/SystemView/SEGGER/SEGGER_SYSVIEW_FreeRTOS.c **** #if INCLUDE_uxTaskGetStackHighWaterMark // Report Task Stack High Watermark
 577              		.loc 1 87 15 is_stmt 1 discriminator 1 view .LVU141
  87:Middlewares/Third_Party/SystemView/SEGGER/SEGGER_SYSVIEW_FreeRTOS.c **** #if INCLUDE_uxTaskGetStackHighWaterMark // Report Task Stack High Watermark
 578              		.loc 1 87 17 is_stmt 0 discriminator 1 view .LVU142
 579 0006 0A4B     		ldr	r3, .L37
 580 0008 1B68     		ldr	r3, [r3]
ARM GAS  C:\Users\luoha\AppData\Local\Temp\ccmh2E5y.s 			page 17


  87:Middlewares/Third_Party/SystemView/SEGGER/SEGGER_SYSVIEW_FreeRTOS.c **** #if INCLUDE_uxTaskGetStackHighWaterMark // Report Task Stack High Watermark
 581              		.loc 1 87 3 discriminator 1 view .LVU143
 582 000a A342     		cmp	r3, r4
 583 000c 0ED9     		bls	.L36
  91:Middlewares/Third_Party/SystemView/SEGGER/SEGGER_SYSVIEW_FreeRTOS.c ****   }
 584              		.loc 1 91 5 is_stmt 1 discriminator 3 view .LVU144
 585 000e 094D     		ldr	r5, .L37+4
 586 0010 04EB8403 		add	r3, r4, r4, lsl #2
 587 0014 9800     		lsls	r0, r3, #2
 588 0016 2918     		adds	r1, r5, r0
 589 0018 0B69     		ldr	r3, [r1, #16]
 590 001a 0093     		str	r3, [sp]
 591 001c CB68     		ldr	r3, [r1, #12]
 592 001e 8A68     		ldr	r2, [r1, #8]
 593 0020 4968     		ldr	r1, [r1, #4]
 594 0022 2858     		ldr	r0, [r5, r0]
 595 0024 FFF7FEFF 		bl	SYSVIEW_SendTaskInfo
 596              	.LVL39:
  87:Middlewares/Third_Party/SystemView/SEGGER/SEGGER_SYSVIEW_FreeRTOS.c **** #if INCLUDE_uxTaskGetStackHighWaterMark // Report Task Stack High Watermark
 597              		.loc 1 87 30 discriminator 3 view .LVU145
  87:Middlewares/Third_Party/SystemView/SEGGER/SEGGER_SYSVIEW_FreeRTOS.c **** #if INCLUDE_uxTaskGetStackHighWaterMark // Report Task Stack High Watermark
 598              		.loc 1 87 31 is_stmt 0 discriminator 3 view .LVU146
 599 0028 0134     		adds	r4, r4, #1
 600              	.LVL40:
  87:Middlewares/Third_Party/SystemView/SEGGER/SEGGER_SYSVIEW_FreeRTOS.c **** #if INCLUDE_uxTaskGetStackHighWaterMark // Report Task Stack High Watermark
 601              		.loc 1 87 31 discriminator 3 view .LVU147
 602 002a ECE7     		b	.L33
 603              	.L36:
  93:Middlewares/Third_Party/SystemView/SEGGER/SEGGER_SYSVIEW_FreeRTOS.c **** 
 604              		.loc 1 93 1 view .LVU148
 605 002c 03B0     		add	sp, sp, #12
 606              	.LCFI17:
 607              		.cfi_def_cfa_offset 12
 608              		@ sp needed
 609 002e 30BD     		pop	{r4, r5, pc}
 610              	.LVL41:
 611              	.L38:
  93:Middlewares/Third_Party/SystemView/SEGGER/SEGGER_SYSVIEW_FreeRTOS.c **** 
 612              		.loc 1 93 1 view .LVU149
 613              		.align	2
 614              	.L37:
 615 0030 00000000 		.word	.LANCHOR0
 616 0034 00000000 		.word	.LANCHOR1
 617              		.cfi_endproc
 618              	.LFE5:
 620              		.global	SYSVIEW_X_OS_TraceAPI
 621              		.section	.bss._NumTasks,"aw",%nobits
 622              		.align	2
 623              		.set	.LANCHOR0,. + 0
 626              	_NumTasks:
 627 0000 00000000 		.space	4
 628              		.section	.bss._aTasks,"aw",%nobits
 629              		.align	2
 630              		.set	.LANCHOR1,. + 0
 633              	_aTasks:
 634 0000 00000000 		.space	160
 634      00000000 
ARM GAS  C:\Users\luoha\AppData\Local\Temp\ccmh2E5y.s 			page 18


 634      00000000 
 634      00000000 
 634      00000000 
 635              		.section	.rodata.SYSVIEW_X_OS_TraceAPI,"a"
 636              		.align	2
 639              	SYSVIEW_X_OS_TraceAPI:
 640 0000 00000000 		.word	_cbGetTime
 641 0004 00000000 		.word	_cbSendTaskList
 642              		.text
 643              	.Letext0:
 644              		.file 2 "e:\\gnu tools arm embedded\\9 2019-q4-major\\arm-none-eabi\\include\\machine\\_default_ty
 645              		.file 3 "e:\\gnu tools arm embedded\\9 2019-q4-major\\arm-none-eabi\\include\\sys\\_stdint.h"
 646              		.file 4 "Middlewares/Third_Party/SystemView/SEGGER/SEGGER_SYSVIEW.h"
 647              		.file 5 "Inc/FreeRTOSConfig.h"
 648              		.file 6 "Middlewares/Third_Party/FreeRTOS/Source/portable/GCC/ARM_CM4F/portmacro.h"
 649              		.file 7 "e:\\gnu tools arm embedded\\9 2019-q4-major\\arm-none-eabi\\include\\sys\\lock.h"
 650              		.file 8 "e:\\gnu tools arm embedded\\9 2019-q4-major\\arm-none-eabi\\include\\sys\\_types.h"
 651              		.file 9 "e:\\gnu tools arm embedded\\9 2019-q4-major\\lib\\gcc\\arm-none-eabi\\9.2.1\\include\\std
 652              		.file 10 "e:\\gnu tools arm embedded\\9 2019-q4-major\\arm-none-eabi\\include\\sys\\reent.h"
 653              		.file 11 "e:\\gnu tools arm embedded\\9 2019-q4-major\\arm-none-eabi\\include\\string.h"
 654              		.file 12 "Middlewares/Third_Party/FreeRTOS/Source/include/task.h"
ARM GAS  C:\Users\luoha\AppData\Local\Temp\ccmh2E5y.s 			page 19


DEFINED SYMBOLS
                            *ABS*:00000000 SEGGER_SYSVIEW_FreeRTOS.c
C:\Users\luoha\AppData\Local\Temp\ccmh2E5y.s:18     .text._cbGetTime:00000000 $t
C:\Users\luoha\AppData\Local\Temp\ccmh2E5y.s:25     .text._cbGetTime:00000000 _cbGetTime
C:\Users\luoha\AppData\Local\Temp\ccmh2E5y.s:71     .text.SYSVIEW_DeleteTask:00000000 $t
C:\Users\luoha\AppData\Local\Temp\ccmh2E5y.s:78     .text.SYSVIEW_DeleteTask:00000000 SYSVIEW_DeleteTask
C:\Users\luoha\AppData\Local\Temp\ccmh2E5y.s:225    .text.SYSVIEW_DeleteTask:00000090 $d
C:\Users\luoha\AppData\Local\Temp\ccmh2E5y.s:231    .text.SYSVIEW_SendTaskInfo:00000000 $t
C:\Users\luoha\AppData\Local\Temp\ccmh2E5y.s:238    .text.SYSVIEW_SendTaskInfo:00000000 SYSVIEW_SendTaskInfo
C:\Users\luoha\AppData\Local\Temp\ccmh2E5y.s:290    .rodata.SYSVIEW_AddTask.str1.4:00000000 $d
C:\Users\luoha\AppData\Local\Temp\ccmh2E5y.s:298    .text.SYSVIEW_AddTask:00000000 $t
C:\Users\luoha\AppData\Local\Temp\ccmh2E5y.s:305    .text.SYSVIEW_AddTask:00000000 SYSVIEW_AddTask
C:\Users\luoha\AppData\Local\Temp\ccmh2E5y.s:404    .text.SYSVIEW_AddTask:0000005c $d
C:\Users\luoha\AppData\Local\Temp\ccmh2E5y.s:412    .text.SYSVIEW_UpdateTask:00000000 $t
C:\Users\luoha\AppData\Local\Temp\ccmh2E5y.s:419    .text.SYSVIEW_UpdateTask:00000000 SYSVIEW_UpdateTask
C:\Users\luoha\AppData\Local\Temp\ccmh2E5y.s:542    .text.SYSVIEW_UpdateTask:0000007c $d
C:\Users\luoha\AppData\Local\Temp\ccmh2E5y.s:549    .text._cbSendTaskList:00000000 $t
C:\Users\luoha\AppData\Local\Temp\ccmh2E5y.s:555    .text._cbSendTaskList:00000000 _cbSendTaskList
C:\Users\luoha\AppData\Local\Temp\ccmh2E5y.s:615    .text._cbSendTaskList:00000030 $d
C:\Users\luoha\AppData\Local\Temp\ccmh2E5y.s:639    .rodata.SYSVIEW_X_OS_TraceAPI:00000000 SYSVIEW_X_OS_TraceAPI
C:\Users\luoha\AppData\Local\Temp\ccmh2E5y.s:622    .bss._NumTasks:00000000 $d
C:\Users\luoha\AppData\Local\Temp\ccmh2E5y.s:626    .bss._NumTasks:00000000 _NumTasks
C:\Users\luoha\AppData\Local\Temp\ccmh2E5y.s:629    .bss._aTasks:00000000 $d
C:\Users\luoha\AppData\Local\Temp\ccmh2E5y.s:633    .bss._aTasks:00000000 _aTasks
C:\Users\luoha\AppData\Local\Temp\ccmh2E5y.s:636    .rodata.SYSVIEW_X_OS_TraceAPI:00000000 $d

UNDEFINED SYMBOLS
xTaskGetTickCountFromISR
SEGGER_SYSVIEW_SendTaskInfo
memcmp
SEGGER_SYSVIEW_Warn
