ARM GAS  C:\Users\luoha\AppData\Local\Temp\cczBZ3oo.s 			page 1


   1              		.cpu cortex-m4
   2              		.eabi_attribute 27, 1
   3              		.eabi_attribute 28, 1
   4              		.eabi_attribute 20, 1
   5              		.eabi_attribute 21, 1
   6              		.eabi_attribute 23, 3
   7              		.eabi_attribute 24, 1
   8              		.eabi_attribute 25, 1
   9              		.eabi_attribute 26, 1
  10              		.eabi_attribute 30, 1
  11              		.eabi_attribute 34, 1
  12              		.eabi_attribute 18, 4
  13              		.file	"SEGGER_SYSVIEW_Config_FreeRTOS.c"
  14              		.text
  15              	.Ltext0:
  16              		.cfi_sections	.debug_frame
  17              		.section	.rodata._cbSendSystemDesc.str1.4,"aMS",%progbits,1
  18              		.align	2
  19              	.LC0:
  20 0000 4E3D4672 		.ascii	"N=FreeRTOS Demo Application,D=Cortex-M4,O=FreeRTOS\000"
  20      65655254 
  20      4F532044 
  20      656D6F20 
  20      4170706C 
  21 0033 00       		.align	2
  22              	.LC1:
  23 0034 49233135 		.ascii	"I#15=SysTick\000"
  23      3D537973 
  23      5469636B 
  23      00
  24              		.section	.text._cbSendSystemDesc,"ax",%progbits
  25              		.align	1
  26              		.arch armv7e-m
  27              		.syntax unified
  28              		.thumb
  29              		.thumb_func
  30              		.fpu fpv4-sp-d16
  32              	_cbSendSystemDesc:
  33              	.LFB5:
  34              		.file 1 "Middlewares/Third_Party/SystemView/Config/SEGGER_SYSVIEW_Config_FreeRTOS.c"
   1:Middlewares/Third_Party/SystemView/Config/SEGGER_SYSVIEW_Config_FreeRTOS.c **** /*********************************************************************
   2:Middlewares/Third_Party/SystemView/Config/SEGGER_SYSVIEW_Config_FreeRTOS.c **** *                    SEGGER Microcontroller GmbH                     *
   3:Middlewares/Third_Party/SystemView/Config/SEGGER_SYSVIEW_Config_FreeRTOS.c **** *                        The Embedded Experts                        *
   4:Middlewares/Third_Party/SystemView/Config/SEGGER_SYSVIEW_Config_FreeRTOS.c **** **********************************************************************
   5:Middlewares/Third_Party/SystemView/Config/SEGGER_SYSVIEW_Config_FreeRTOS.c **** *                                                                    *
   6:Middlewares/Third_Party/SystemView/Config/SEGGER_SYSVIEW_Config_FreeRTOS.c **** *            (c) 1995 - 2021 SEGGER Microcontroller GmbH             *
   7:Middlewares/Third_Party/SystemView/Config/SEGGER_SYSVIEW_Config_FreeRTOS.c **** *                                                                    *
   8:Middlewares/Third_Party/SystemView/Config/SEGGER_SYSVIEW_Config_FreeRTOS.c **** *       www.segger.com     Support: support@segger.com               *
   9:Middlewares/Third_Party/SystemView/Config/SEGGER_SYSVIEW_Config_FreeRTOS.c **** *                                                                    *
  10:Middlewares/Third_Party/SystemView/Config/SEGGER_SYSVIEW_Config_FreeRTOS.c **** **********************************************************************
  11:Middlewares/Third_Party/SystemView/Config/SEGGER_SYSVIEW_Config_FreeRTOS.c **** *                                                                    *
  12:Middlewares/Third_Party/SystemView/Config/SEGGER_SYSVIEW_Config_FreeRTOS.c **** *       SEGGER SystemView * Real-time application analysis           *
  13:Middlewares/Third_Party/SystemView/Config/SEGGER_SYSVIEW_Config_FreeRTOS.c **** *                                                                    *
  14:Middlewares/Third_Party/SystemView/Config/SEGGER_SYSVIEW_Config_FreeRTOS.c **** **********************************************************************
  15:Middlewares/Third_Party/SystemView/Config/SEGGER_SYSVIEW_Config_FreeRTOS.c **** *                                                                    *
  16:Middlewares/Third_Party/SystemView/Config/SEGGER_SYSVIEW_Config_FreeRTOS.c **** * All rights reserved.                                               *
  17:Middlewares/Third_Party/SystemView/Config/SEGGER_SYSVIEW_Config_FreeRTOS.c **** *                                                                    *
ARM GAS  C:\Users\luoha\AppData\Local\Temp\cczBZ3oo.s 			page 2


  18:Middlewares/Third_Party/SystemView/Config/SEGGER_SYSVIEW_Config_FreeRTOS.c **** * SEGGER strongly recommends to not make any changes                 *
  19:Middlewares/Third_Party/SystemView/Config/SEGGER_SYSVIEW_Config_FreeRTOS.c **** * to or modify the source code of this software in order to stay     *
  20:Middlewares/Third_Party/SystemView/Config/SEGGER_SYSVIEW_Config_FreeRTOS.c **** * compatible with the SystemView and RTT protocol, and J-Link.       *
  21:Middlewares/Third_Party/SystemView/Config/SEGGER_SYSVIEW_Config_FreeRTOS.c **** *                                                                    *
  22:Middlewares/Third_Party/SystemView/Config/SEGGER_SYSVIEW_Config_FreeRTOS.c **** * Redistribution and use in source and binary forms, with or         *
  23:Middlewares/Third_Party/SystemView/Config/SEGGER_SYSVIEW_Config_FreeRTOS.c **** * without modification, are permitted provided that the following    *
  24:Middlewares/Third_Party/SystemView/Config/SEGGER_SYSVIEW_Config_FreeRTOS.c **** * condition is met:                                                  *
  25:Middlewares/Third_Party/SystemView/Config/SEGGER_SYSVIEW_Config_FreeRTOS.c **** *                                                                    *
  26:Middlewares/Third_Party/SystemView/Config/SEGGER_SYSVIEW_Config_FreeRTOS.c **** * o Redistributions of source code must retain the above copyright   *
  27:Middlewares/Third_Party/SystemView/Config/SEGGER_SYSVIEW_Config_FreeRTOS.c **** *   notice, this condition and the following disclaimer.             *
  28:Middlewares/Third_Party/SystemView/Config/SEGGER_SYSVIEW_Config_FreeRTOS.c **** *                                                                    *
  29:Middlewares/Third_Party/SystemView/Config/SEGGER_SYSVIEW_Config_FreeRTOS.c **** * THIS SOFTWARE IS PROVIDED BY THE COPYRIGHT HOLDERS AND             *
  30:Middlewares/Third_Party/SystemView/Config/SEGGER_SYSVIEW_Config_FreeRTOS.c **** * CONTRIBUTORS "AS IS" AND ANY EXPRESS OR IMPLIED WARRANTIES,        *
  31:Middlewares/Third_Party/SystemView/Config/SEGGER_SYSVIEW_Config_FreeRTOS.c **** * INCLUDING, BUT NOT LIMITED TO, THE IMPLIED WARRANTIES OF           *
  32:Middlewares/Third_Party/SystemView/Config/SEGGER_SYSVIEW_Config_FreeRTOS.c **** * MERCHANTABILITY AND FITNESS FOR A PARTICULAR PURPOSE ARE           *
  33:Middlewares/Third_Party/SystemView/Config/SEGGER_SYSVIEW_Config_FreeRTOS.c **** * DISCLAIMED. IN NO EVENT SHALL SEGGER Microcontroller BE LIABLE FOR *
  34:Middlewares/Third_Party/SystemView/Config/SEGGER_SYSVIEW_Config_FreeRTOS.c **** * ANY DIRECT, INDIRECT, INCIDENTAL, SPECIAL, EXEMPLARY, OR           *
  35:Middlewares/Third_Party/SystemView/Config/SEGGER_SYSVIEW_Config_FreeRTOS.c **** * CONSEQUENTIAL DAMAGES (INCLUDING, BUT NOT LIMITED TO, PROCUREMENT  *
  36:Middlewares/Third_Party/SystemView/Config/SEGGER_SYSVIEW_Config_FreeRTOS.c **** * OF SUBSTITUTE GOODS OR SERVICES; LOSS OF USE, DATA, OR PROFITS;    *
  37:Middlewares/Third_Party/SystemView/Config/SEGGER_SYSVIEW_Config_FreeRTOS.c **** * OR BUSINESS INTERRUPTION) HOWEVER CAUSED AND ON ANY THEORY OF      *
  38:Middlewares/Third_Party/SystemView/Config/SEGGER_SYSVIEW_Config_FreeRTOS.c **** * LIABILITY, WHETHER IN CONTRACT, STRICT LIABILITY, OR TORT          *
  39:Middlewares/Third_Party/SystemView/Config/SEGGER_SYSVIEW_Config_FreeRTOS.c **** * (INCLUDING NEGLIGENCE OR OTHERWISE) ARISING IN ANY WAY OUT OF THE  *
  40:Middlewares/Third_Party/SystemView/Config/SEGGER_SYSVIEW_Config_FreeRTOS.c **** * USE OF THIS SOFTWARE, EVEN IF ADVISED OF THE POSSIBILITY OF SUCH   *
  41:Middlewares/Third_Party/SystemView/Config/SEGGER_SYSVIEW_Config_FreeRTOS.c **** * DAMAGE.                                                            *
  42:Middlewares/Third_Party/SystemView/Config/SEGGER_SYSVIEW_Config_FreeRTOS.c **** *                                                                    *
  43:Middlewares/Third_Party/SystemView/Config/SEGGER_SYSVIEW_Config_FreeRTOS.c **** **********************************************************************
  44:Middlewares/Third_Party/SystemView/Config/SEGGER_SYSVIEW_Config_FreeRTOS.c **** *                                                                    *
  45:Middlewares/Third_Party/SystemView/Config/SEGGER_SYSVIEW_Config_FreeRTOS.c **** *       SystemView version: 3.30                                    *
  46:Middlewares/Third_Party/SystemView/Config/SEGGER_SYSVIEW_Config_FreeRTOS.c **** *                                                                    *
  47:Middlewares/Third_Party/SystemView/Config/SEGGER_SYSVIEW_Config_FreeRTOS.c **** **********************************************************************
  48:Middlewares/Third_Party/SystemView/Config/SEGGER_SYSVIEW_Config_FreeRTOS.c **** -------------------------- END-OF-HEADER -----------------------------
  49:Middlewares/Third_Party/SystemView/Config/SEGGER_SYSVIEW_Config_FreeRTOS.c **** 
  50:Middlewares/Third_Party/SystemView/Config/SEGGER_SYSVIEW_Config_FreeRTOS.c **** File    : SEGGER_SYSVIEW_Config_FreeRTOS.c
  51:Middlewares/Third_Party/SystemView/Config/SEGGER_SYSVIEW_Config_FreeRTOS.c **** Purpose : Sample setup configuration of SystemView with FreeRTOS.
  52:Middlewares/Third_Party/SystemView/Config/SEGGER_SYSVIEW_Config_FreeRTOS.c **** Revision: $Rev: 7745 $
  53:Middlewares/Third_Party/SystemView/Config/SEGGER_SYSVIEW_Config_FreeRTOS.c **** */
  54:Middlewares/Third_Party/SystemView/Config/SEGGER_SYSVIEW_Config_FreeRTOS.c **** #include "FreeRTOS.h"
  55:Middlewares/Third_Party/SystemView/Config/SEGGER_SYSVIEW_Config_FreeRTOS.c **** #include "SEGGER_SYSVIEW.h"
  56:Middlewares/Third_Party/SystemView/Config/SEGGER_SYSVIEW_Config_FreeRTOS.c **** 
  57:Middlewares/Third_Party/SystemView/Config/SEGGER_SYSVIEW_Config_FreeRTOS.c **** extern const SEGGER_SYSVIEW_OS_API SYSVIEW_X_OS_TraceAPI;
  58:Middlewares/Third_Party/SystemView/Config/SEGGER_SYSVIEW_Config_FreeRTOS.c **** 
  59:Middlewares/Third_Party/SystemView/Config/SEGGER_SYSVIEW_Config_FreeRTOS.c **** /*********************************************************************
  60:Middlewares/Third_Party/SystemView/Config/SEGGER_SYSVIEW_Config_FreeRTOS.c **** *
  61:Middlewares/Third_Party/SystemView/Config/SEGGER_SYSVIEW_Config_FreeRTOS.c **** *       Defines, configurable
  62:Middlewares/Third_Party/SystemView/Config/SEGGER_SYSVIEW_Config_FreeRTOS.c **** *
  63:Middlewares/Third_Party/SystemView/Config/SEGGER_SYSVIEW_Config_FreeRTOS.c **** **********************************************************************
  64:Middlewares/Third_Party/SystemView/Config/SEGGER_SYSVIEW_Config_FreeRTOS.c **** */
  65:Middlewares/Third_Party/SystemView/Config/SEGGER_SYSVIEW_Config_FreeRTOS.c **** // The application name to be displayed in SystemViewer
  66:Middlewares/Third_Party/SystemView/Config/SEGGER_SYSVIEW_Config_FreeRTOS.c **** #define SYSVIEW_APP_NAME        "FreeRTOS Demo Application"
  67:Middlewares/Third_Party/SystemView/Config/SEGGER_SYSVIEW_Config_FreeRTOS.c **** 
  68:Middlewares/Third_Party/SystemView/Config/SEGGER_SYSVIEW_Config_FreeRTOS.c **** // The target device name
  69:Middlewares/Third_Party/SystemView/Config/SEGGER_SYSVIEW_Config_FreeRTOS.c **** #define SYSVIEW_DEVICE_NAME     "Cortex-M4"
  70:Middlewares/Third_Party/SystemView/Config/SEGGER_SYSVIEW_Config_FreeRTOS.c **** 
  71:Middlewares/Third_Party/SystemView/Config/SEGGER_SYSVIEW_Config_FreeRTOS.c **** // Frequency of the timestamp. Must match SEGGER_SYSVIEW_GET_TIMESTAMP in SEGGER_SYSVIEW_Conf.h
  72:Middlewares/Third_Party/SystemView/Config/SEGGER_SYSVIEW_Config_FreeRTOS.c **** #define SYSVIEW_TIMESTAMP_FREQ  (configCPU_CLOCK_HZ)
  73:Middlewares/Third_Party/SystemView/Config/SEGGER_SYSVIEW_Config_FreeRTOS.c **** 
  74:Middlewares/Third_Party/SystemView/Config/SEGGER_SYSVIEW_Config_FreeRTOS.c **** // System Frequency. SystemcoreClock is used in most CMSIS compatible projects.
ARM GAS  C:\Users\luoha\AppData\Local\Temp\cczBZ3oo.s 			page 3


  75:Middlewares/Third_Party/SystemView/Config/SEGGER_SYSVIEW_Config_FreeRTOS.c **** #define SYSVIEW_CPU_FREQ        configCPU_CLOCK_HZ
  76:Middlewares/Third_Party/SystemView/Config/SEGGER_SYSVIEW_Config_FreeRTOS.c **** 
  77:Middlewares/Third_Party/SystemView/Config/SEGGER_SYSVIEW_Config_FreeRTOS.c **** // The lowest RAM address used for IDs (pointers)
  78:Middlewares/Third_Party/SystemView/Config/SEGGER_SYSVIEW_Config_FreeRTOS.c **** #define SYSVIEW_RAM_BASE        (0x10000000)
  79:Middlewares/Third_Party/SystemView/Config/SEGGER_SYSVIEW_Config_FreeRTOS.c **** 
  80:Middlewares/Third_Party/SystemView/Config/SEGGER_SYSVIEW_Config_FreeRTOS.c **** /********************************************************************* 
  81:Middlewares/Third_Party/SystemView/Config/SEGGER_SYSVIEW_Config_FreeRTOS.c **** *
  82:Middlewares/Third_Party/SystemView/Config/SEGGER_SYSVIEW_Config_FreeRTOS.c **** *       _cbSendSystemDesc()
  83:Middlewares/Third_Party/SystemView/Config/SEGGER_SYSVIEW_Config_FreeRTOS.c **** *
  84:Middlewares/Third_Party/SystemView/Config/SEGGER_SYSVIEW_Config_FreeRTOS.c **** *  Function description
  85:Middlewares/Third_Party/SystemView/Config/SEGGER_SYSVIEW_Config_FreeRTOS.c **** *    Sends SystemView description strings.
  86:Middlewares/Third_Party/SystemView/Config/SEGGER_SYSVIEW_Config_FreeRTOS.c **** */
  87:Middlewares/Third_Party/SystemView/Config/SEGGER_SYSVIEW_Config_FreeRTOS.c **** static void _cbSendSystemDesc(void) {
  35              		.loc 1 87 37 view -0
  36              		.cfi_startproc
  37              		@ args = 0, pretend = 0, frame = 0
  38              		@ frame_needed = 0, uses_anonymous_args = 0
  39 0000 08B5     		push	{r3, lr}
  40              	.LCFI0:
  41              		.cfi_def_cfa_offset 8
  42              		.cfi_offset 3, -8
  43              		.cfi_offset 14, -4
  88:Middlewares/Third_Party/SystemView/Config/SEGGER_SYSVIEW_Config_FreeRTOS.c ****   SEGGER_SYSVIEW_SendSysDesc("N="SYSVIEW_APP_NAME",D="SYSVIEW_DEVICE_NAME",O=FreeRTOS");
  44              		.loc 1 88 3 view .LVU1
  45 0002 0348     		ldr	r0, .L3
  46 0004 FFF7FEFF 		bl	SEGGER_SYSVIEW_SendSysDesc
  47              	.LVL0:
  89:Middlewares/Third_Party/SystemView/Config/SEGGER_SYSVIEW_Config_FreeRTOS.c ****   SEGGER_SYSVIEW_SendSysDesc("I#15=SysTick");
  48              		.loc 1 89 3 view .LVU2
  49 0008 0248     		ldr	r0, .L3+4
  50 000a FFF7FEFF 		bl	SEGGER_SYSVIEW_SendSysDesc
  51              	.LVL1:
  90:Middlewares/Third_Party/SystemView/Config/SEGGER_SYSVIEW_Config_FreeRTOS.c **** }
  52              		.loc 1 90 1 is_stmt 0 view .LVU3
  53 000e 08BD     		pop	{r3, pc}
  54              	.L4:
  55              		.align	2
  56              	.L3:
  57 0010 00000000 		.word	.LC0
  58 0014 34000000 		.word	.LC1
  59              		.cfi_endproc
  60              	.LFE5:
  62              		.section	.text.SEGGER_SYSVIEW_Conf,"ax",%progbits
  63              		.align	1
  64              		.global	SEGGER_SYSVIEW_Conf
  65              		.syntax unified
  66              		.thumb
  67              		.thumb_func
  68              		.fpu fpv4-sp-d16
  70              	SEGGER_SYSVIEW_Conf:
  71              	.LFB6:
  91:Middlewares/Third_Party/SystemView/Config/SEGGER_SYSVIEW_Config_FreeRTOS.c **** 
  92:Middlewares/Third_Party/SystemView/Config/SEGGER_SYSVIEW_Config_FreeRTOS.c **** /*********************************************************************
  93:Middlewares/Third_Party/SystemView/Config/SEGGER_SYSVIEW_Config_FreeRTOS.c **** *
  94:Middlewares/Third_Party/SystemView/Config/SEGGER_SYSVIEW_Config_FreeRTOS.c **** *       Global functions
  95:Middlewares/Third_Party/SystemView/Config/SEGGER_SYSVIEW_Config_FreeRTOS.c **** *
  96:Middlewares/Third_Party/SystemView/Config/SEGGER_SYSVIEW_Config_FreeRTOS.c **** **********************************************************************
ARM GAS  C:\Users\luoha\AppData\Local\Temp\cczBZ3oo.s 			page 4


  97:Middlewares/Third_Party/SystemView/Config/SEGGER_SYSVIEW_Config_FreeRTOS.c **** */
  98:Middlewares/Third_Party/SystemView/Config/SEGGER_SYSVIEW_Config_FreeRTOS.c **** void SEGGER_SYSVIEW_Conf(void) {
  72              		.loc 1 98 32 is_stmt 1 view -0
  73              		.cfi_startproc
  74              		@ args = 0, pretend = 0, frame = 0
  75              		@ frame_needed = 0, uses_anonymous_args = 0
  76 0000 08B5     		push	{r3, lr}
  77              	.LCFI1:
  78              		.cfi_def_cfa_offset 8
  79              		.cfi_offset 3, -8
  80              		.cfi_offset 14, -4
  99:Middlewares/Third_Party/SystemView/Config/SEGGER_SYSVIEW_Config_FreeRTOS.c ****   SEGGER_SYSVIEW_Init(SYSVIEW_TIMESTAMP_FREQ, SYSVIEW_CPU_FREQ, 
  81              		.loc 1 99 3 view .LVU5
  82 0002 064B     		ldr	r3, .L7
  83 0004 1868     		ldr	r0, [r3]
  84 0006 064B     		ldr	r3, .L7+4
  85 0008 064A     		ldr	r2, .L7+8
  86 000a 0146     		mov	r1, r0
  87 000c FFF7FEFF 		bl	SEGGER_SYSVIEW_Init
  88              	.LVL2:
 100:Middlewares/Third_Party/SystemView/Config/SEGGER_SYSVIEW_Config_FreeRTOS.c ****                       &SYSVIEW_X_OS_TraceAPI, _cbSendSystemDesc);
 101:Middlewares/Third_Party/SystemView/Config/SEGGER_SYSVIEW_Config_FreeRTOS.c ****   SEGGER_SYSVIEW_SetRAMBase(SYSVIEW_RAM_BASE);
  89              		.loc 1 101 3 view .LVU6
  90 0010 4FF08050 		mov	r0, #268435456
  91 0014 FFF7FEFF 		bl	SEGGER_SYSVIEW_SetRAMBase
  92              	.LVL3:
 102:Middlewares/Third_Party/SystemView/Config/SEGGER_SYSVIEW_Config_FreeRTOS.c **** }
  93              		.loc 1 102 1 is_stmt 0 view .LVU7
  94 0018 08BD     		pop	{r3, pc}
  95              	.L8:
  96 001a 00BF     		.align	2
  97              	.L7:
  98 001c 00000000 		.word	SystemCoreClock
  99 0020 00000000 		.word	_cbSendSystemDesc
 100 0024 00000000 		.word	SYSVIEW_X_OS_TraceAPI
 101              		.cfi_endproc
 102              	.LFE6:
 104              		.text
 105              	.Letext0:
 106              		.file 2 "e:\\gnu tools arm embedded\\9 2019-q4-major\\arm-none-eabi\\include\\machine\\_default_ty
 107              		.file 3 "e:\\gnu tools arm embedded\\9 2019-q4-major\\arm-none-eabi\\include\\sys\\_stdint.h"
 108              		.file 4 "Inc/FreeRTOSConfig.h"
 109              		.file 5 "Middlewares/Third_Party/SystemView/SEGGER/SEGGER_SYSVIEW.h"
ARM GAS  C:\Users\luoha\AppData\Local\Temp\cczBZ3oo.s 			page 5


DEFINED SYMBOLS
                            *ABS*:00000000 SEGGER_SYSVIEW_Config_FreeRTOS.c
C:\Users\luoha\AppData\Local\Temp\cczBZ3oo.s:18     .rodata._cbSendSystemDesc.str1.4:00000000 $d
C:\Users\luoha\AppData\Local\Temp\cczBZ3oo.s:25     .text._cbSendSystemDesc:00000000 $t
C:\Users\luoha\AppData\Local\Temp\cczBZ3oo.s:32     .text._cbSendSystemDesc:00000000 _cbSendSystemDesc
C:\Users\luoha\AppData\Local\Temp\cczBZ3oo.s:57     .text._cbSendSystemDesc:00000010 $d
C:\Users\luoha\AppData\Local\Temp\cczBZ3oo.s:63     .text.SEGGER_SYSVIEW_Conf:00000000 $t
C:\Users\luoha\AppData\Local\Temp\cczBZ3oo.s:70     .text.SEGGER_SYSVIEW_Conf:00000000 SEGGER_SYSVIEW_Conf
C:\Users\luoha\AppData\Local\Temp\cczBZ3oo.s:98     .text.SEGGER_SYSVIEW_Conf:0000001c $d

UNDEFINED SYMBOLS
SEGGER_SYSVIEW_SendSysDesc
SEGGER_SYSVIEW_Init
SEGGER_SYSVIEW_SetRAMBase
SystemCoreClock
SYSVIEW_X_OS_TraceAPI
