ARM GAS  C:\Users\luoha\AppData\Local\Temp\ccv5JL5j.s 			page 1


   1              		.cpu cortex-m4
   2              		.eabi_attribute 27, 1
   3              		.eabi_attribute 28, 1
   4              		.eabi_attribute 20, 1
   5              		.eabi_attribute 21, 1
   6              		.eabi_attribute 23, 3
   7              		.eabi_attribute 24, 1
   8              		.eabi_attribute 25, 1
   9              		.eabi_attribute 26, 1
  10              		.eabi_attribute 30, 1
  11              		.eabi_attribute 34, 1
  12              		.eabi_attribute 18, 4
  13              		.file	"stm32f4xx_it.c"
  14              		.text
  15              	.Ltext0:
  16              		.cfi_sections	.debug_frame
  17              		.section	.text.NMI_Handler,"ax",%progbits
  18              		.align	1
  19              		.global	NMI_Handler
  20              		.arch armv7e-m
  21              		.syntax unified
  22              		.thumb
  23              		.thumb_func
  24              		.fpu fpv4-sp-d16
  26              	NMI_Handler:
  27              	.LFB138:
  28              		.file 1 "Src/stm32f4xx_it.c"
   1:Src/stm32f4xx_it.c **** /* USER CODE BEGIN Header */
   2:Src/stm32f4xx_it.c **** /**
   3:Src/stm32f4xx_it.c ****   ******************************************************************************
   4:Src/stm32f4xx_it.c ****   * @file    stm32f4xx_it.c
   5:Src/stm32f4xx_it.c ****   * @brief   Interrupt Service Routines.
   6:Src/stm32f4xx_it.c ****   ******************************************************************************
   7:Src/stm32f4xx_it.c ****   * @attention
   8:Src/stm32f4xx_it.c ****   *
   9:Src/stm32f4xx_it.c ****   * <h2><center>&copy; Copyright (c) 2020 STMicroelectronics.
  10:Src/stm32f4xx_it.c ****   * All rights reserved.</center></h2>
  11:Src/stm32f4xx_it.c ****   *
  12:Src/stm32f4xx_it.c ****   * This software component is licensed by ST under Ultimate Liberty license
  13:Src/stm32f4xx_it.c ****   * SLA0044, the "License"; You may not use this file except in compliance with
  14:Src/stm32f4xx_it.c ****   * the License. You may obtain a copy of the License at:
  15:Src/stm32f4xx_it.c ****   *                             www.st.com/SLA0044
  16:Src/stm32f4xx_it.c ****   *
  17:Src/stm32f4xx_it.c ****   ******************************************************************************
  18:Src/stm32f4xx_it.c ****   */
  19:Src/stm32f4xx_it.c **** /* USER CODE END Header */
  20:Src/stm32f4xx_it.c **** 
  21:Src/stm32f4xx_it.c **** /* Includes ------------------------------------------------------------------*/
  22:Src/stm32f4xx_it.c **** #include "main.h"
  23:Src/stm32f4xx_it.c **** #include "stm32f4xx_it.h"
  24:Src/stm32f4xx_it.c **** #include "FreeRTOS.h"
  25:Src/stm32f4xx_it.c **** #include "task.h"
  26:Src/stm32f4xx_it.c **** /* Private includes ----------------------------------------------------------*/
  27:Src/stm32f4xx_it.c **** /* USER CODE BEGIN Includes */
  28:Src/stm32f4xx_it.c **** /* USER CODE END Includes */
  29:Src/stm32f4xx_it.c **** 
  30:Src/stm32f4xx_it.c **** /* Private typedef -----------------------------------------------------------*/
ARM GAS  C:\Users\luoha\AppData\Local\Temp\ccv5JL5j.s 			page 2


  31:Src/stm32f4xx_it.c **** /* USER CODE BEGIN TD */
  32:Src/stm32f4xx_it.c **** 
  33:Src/stm32f4xx_it.c **** /* USER CODE END TD */
  34:Src/stm32f4xx_it.c **** 
  35:Src/stm32f4xx_it.c **** /* Private define ------------------------------------------------------------*/
  36:Src/stm32f4xx_it.c **** /* USER CODE BEGIN PD */
  37:Src/stm32f4xx_it.c ****  
  38:Src/stm32f4xx_it.c **** /* USER CODE END PD */
  39:Src/stm32f4xx_it.c **** 
  40:Src/stm32f4xx_it.c **** /* Private macro -------------------------------------------------------------*/
  41:Src/stm32f4xx_it.c **** /* USER CODE BEGIN PM */
  42:Src/stm32f4xx_it.c **** 
  43:Src/stm32f4xx_it.c **** /* USER CODE END PM */
  44:Src/stm32f4xx_it.c **** 
  45:Src/stm32f4xx_it.c **** /* Private variables ---------------------------------------------------------*/
  46:Src/stm32f4xx_it.c **** /* USER CODE BEGIN PV */
  47:Src/stm32f4xx_it.c **** 
  48:Src/stm32f4xx_it.c **** /* USER CODE END PV */
  49:Src/stm32f4xx_it.c **** 
  50:Src/stm32f4xx_it.c **** /* Private function prototypes -----------------------------------------------*/
  51:Src/stm32f4xx_it.c **** /* USER CODE BEGIN PFP */
  52:Src/stm32f4xx_it.c **** 
  53:Src/stm32f4xx_it.c **** /* USER CODE END PFP */
  54:Src/stm32f4xx_it.c **** 
  55:Src/stm32f4xx_it.c **** /* Private user code ---------------------------------------------------------*/
  56:Src/stm32f4xx_it.c **** /* USER CODE BEGIN 0 */
  57:Src/stm32f4xx_it.c **** 
  58:Src/stm32f4xx_it.c **** /* USER CODE END 0 */
  59:Src/stm32f4xx_it.c **** 
  60:Src/stm32f4xx_it.c **** /* External variables --------------------------------------------------------*/
  61:Src/stm32f4xx_it.c **** extern TIM_HandleTypeDef htim7;
  62:Src/stm32f4xx_it.c **** 
  63:Src/stm32f4xx_it.c **** /* USER CODE BEGIN EV */
  64:Src/stm32f4xx_it.c **** 
  65:Src/stm32f4xx_it.c **** /* USER CODE END EV */
  66:Src/stm32f4xx_it.c **** 
  67:Src/stm32f4xx_it.c **** /******************************************************************************/
  68:Src/stm32f4xx_it.c **** /*           Cortex-M4 Processor Interruption and Exception Handlers          */ 
  69:Src/stm32f4xx_it.c **** /******************************************************************************/
  70:Src/stm32f4xx_it.c **** /**
  71:Src/stm32f4xx_it.c ****   * @brief This function handles Non maskable interrupt.
  72:Src/stm32f4xx_it.c ****   */
  73:Src/stm32f4xx_it.c **** void NMI_Handler(void)
  74:Src/stm32f4xx_it.c **** {
  29              		.loc 1 74 1 view -0
  30              		.cfi_startproc
  31              		@ args = 0, pretend = 0, frame = 0
  32              		@ frame_needed = 0, uses_anonymous_args = 0
  33              		@ link register save eliminated.
  75:Src/stm32f4xx_it.c ****   /* USER CODE BEGIN NonMaskableInt_IRQn 0 */
  76:Src/stm32f4xx_it.c **** 
  77:Src/stm32f4xx_it.c ****   /* USER CODE END NonMaskableInt_IRQn 0 */
  78:Src/stm32f4xx_it.c ****   /* USER CODE BEGIN NonMaskableInt_IRQn 1 */
  79:Src/stm32f4xx_it.c **** 
  80:Src/stm32f4xx_it.c ****   /* USER CODE END NonMaskableInt_IRQn 1 */
  81:Src/stm32f4xx_it.c **** }
  34              		.loc 1 81 1 view .LVU1
ARM GAS  C:\Users\luoha\AppData\Local\Temp\ccv5JL5j.s 			page 3


  35 0000 7047     		bx	lr
  36              		.cfi_endproc
  37              	.LFE138:
  39              		.section	.text.HardFault_Handler,"ax",%progbits
  40              		.align	1
  41              		.global	HardFault_Handler
  42              		.syntax unified
  43              		.thumb
  44              		.thumb_func
  45              		.fpu fpv4-sp-d16
  47              	HardFault_Handler:
  48              	.LFB139:
  82:Src/stm32f4xx_it.c **** 
  83:Src/stm32f4xx_it.c **** /**
  84:Src/stm32f4xx_it.c ****   * @brief This function handles Hard fault interrupt.
  85:Src/stm32f4xx_it.c ****   */
  86:Src/stm32f4xx_it.c **** void HardFault_Handler(void)
  87:Src/stm32f4xx_it.c **** {
  49              		.loc 1 87 1 view -0
  50              		.cfi_startproc
  51              		@ Volatile: function does not return.
  52              		@ args = 0, pretend = 0, frame = 0
  53              		@ frame_needed = 0, uses_anonymous_args = 0
  54              		@ link register save eliminated.
  55              	.L3:
  88:Src/stm32f4xx_it.c ****   /* USER CODE BEGIN HardFault_IRQn 0 */
  89:Src/stm32f4xx_it.c **** 
  90:Src/stm32f4xx_it.c ****   /* USER CODE END HardFault_IRQn 0 */
  91:Src/stm32f4xx_it.c ****   while (1)
  56              		.loc 1 91 3 discriminator 1 view .LVU3
  92:Src/stm32f4xx_it.c ****   {
  93:Src/stm32f4xx_it.c ****     /* USER CODE BEGIN W1_HardFault_IRQn 0 */
  94:Src/stm32f4xx_it.c ****     /* USER CODE END W1_HardFault_IRQn 0 */
  95:Src/stm32f4xx_it.c ****   }
  57              		.loc 1 95 3 discriminator 1 view .LVU4
  91:Src/stm32f4xx_it.c ****   {
  58              		.loc 1 91 9 discriminator 1 view .LVU5
  59 0000 FEE7     		b	.L3
  60              		.cfi_endproc
  61              	.LFE139:
  63              		.section	.text.MemManage_Handler,"ax",%progbits
  64              		.align	1
  65              		.global	MemManage_Handler
  66              		.syntax unified
  67              		.thumb
  68              		.thumb_func
  69              		.fpu fpv4-sp-d16
  71              	MemManage_Handler:
  72              	.LFB140:
  96:Src/stm32f4xx_it.c **** }
  97:Src/stm32f4xx_it.c **** 
  98:Src/stm32f4xx_it.c **** /**
  99:Src/stm32f4xx_it.c ****   * @brief This function handles Memory management fault.
 100:Src/stm32f4xx_it.c ****   */
 101:Src/stm32f4xx_it.c **** void MemManage_Handler(void)
 102:Src/stm32f4xx_it.c **** {
  73              		.loc 1 102 1 view -0
ARM GAS  C:\Users\luoha\AppData\Local\Temp\ccv5JL5j.s 			page 4


  74              		.cfi_startproc
  75              		@ Volatile: function does not return.
  76              		@ args = 0, pretend = 0, frame = 0
  77              		@ frame_needed = 0, uses_anonymous_args = 0
  78              		@ link register save eliminated.
  79              	.L5:
 103:Src/stm32f4xx_it.c ****   /* USER CODE BEGIN MemoryManagement_IRQn 0 */
 104:Src/stm32f4xx_it.c **** 
 105:Src/stm32f4xx_it.c ****   /* USER CODE END MemoryManagement_IRQn 0 */
 106:Src/stm32f4xx_it.c ****   while (1)
  80              		.loc 1 106 3 discriminator 1 view .LVU7
 107:Src/stm32f4xx_it.c ****   {
 108:Src/stm32f4xx_it.c ****     /* USER CODE BEGIN W1_MemoryManagement_IRQn 0 */
 109:Src/stm32f4xx_it.c ****     /* USER CODE END W1_MemoryManagement_IRQn 0 */
 110:Src/stm32f4xx_it.c ****   }
  81              		.loc 1 110 3 discriminator 1 view .LVU8
 106:Src/stm32f4xx_it.c ****   {
  82              		.loc 1 106 9 discriminator 1 view .LVU9
  83 0000 FEE7     		b	.L5
  84              		.cfi_endproc
  85              	.LFE140:
  87              		.section	.text.BusFault_Handler,"ax",%progbits
  88              		.align	1
  89              		.global	BusFault_Handler
  90              		.syntax unified
  91              		.thumb
  92              		.thumb_func
  93              		.fpu fpv4-sp-d16
  95              	BusFault_Handler:
  96              	.LFB141:
 111:Src/stm32f4xx_it.c **** }
 112:Src/stm32f4xx_it.c **** 
 113:Src/stm32f4xx_it.c **** /**
 114:Src/stm32f4xx_it.c ****   * @brief This function handles Pre-fetch fault, memory access fault.
 115:Src/stm32f4xx_it.c ****   */
 116:Src/stm32f4xx_it.c **** void BusFault_Handler(void)
 117:Src/stm32f4xx_it.c **** {
  97              		.loc 1 117 1 view -0
  98              		.cfi_startproc
  99              		@ Volatile: function does not return.
 100              		@ args = 0, pretend = 0, frame = 0
 101              		@ frame_needed = 0, uses_anonymous_args = 0
 102              		@ link register save eliminated.
 103              	.L7:
 118:Src/stm32f4xx_it.c ****   /* USER CODE BEGIN BusFault_IRQn 0 */
 119:Src/stm32f4xx_it.c **** 
 120:Src/stm32f4xx_it.c ****   /* USER CODE END BusFault_IRQn 0 */
 121:Src/stm32f4xx_it.c ****   while (1)
 104              		.loc 1 121 3 discriminator 1 view .LVU11
 122:Src/stm32f4xx_it.c ****   {
 123:Src/stm32f4xx_it.c ****     /* USER CODE BEGIN W1_BusFault_IRQn 0 */
 124:Src/stm32f4xx_it.c ****     /* USER CODE END W1_BusFault_IRQn 0 */
 125:Src/stm32f4xx_it.c ****   }
 105              		.loc 1 125 3 discriminator 1 view .LVU12
 121:Src/stm32f4xx_it.c ****   {
 106              		.loc 1 121 9 discriminator 1 view .LVU13
 107 0000 FEE7     		b	.L7
ARM GAS  C:\Users\luoha\AppData\Local\Temp\ccv5JL5j.s 			page 5


 108              		.cfi_endproc
 109              	.LFE141:
 111              		.section	.text.UsageFault_Handler,"ax",%progbits
 112              		.align	1
 113              		.global	UsageFault_Handler
 114              		.syntax unified
 115              		.thumb
 116              		.thumb_func
 117              		.fpu fpv4-sp-d16
 119              	UsageFault_Handler:
 120              	.LFB142:
 126:Src/stm32f4xx_it.c **** }
 127:Src/stm32f4xx_it.c **** 
 128:Src/stm32f4xx_it.c **** /**
 129:Src/stm32f4xx_it.c ****   * @brief This function handles Undefined instruction or illegal state.
 130:Src/stm32f4xx_it.c ****   */
 131:Src/stm32f4xx_it.c **** void UsageFault_Handler(void)
 132:Src/stm32f4xx_it.c **** {
 121              		.loc 1 132 1 view -0
 122              		.cfi_startproc
 123              		@ Volatile: function does not return.
 124              		@ args = 0, pretend = 0, frame = 0
 125              		@ frame_needed = 0, uses_anonymous_args = 0
 126              		@ link register save eliminated.
 127              	.L9:
 133:Src/stm32f4xx_it.c ****   /* USER CODE BEGIN UsageFault_IRQn 0 */
 134:Src/stm32f4xx_it.c **** 
 135:Src/stm32f4xx_it.c ****   /* USER CODE END UsageFault_IRQn 0 */
 136:Src/stm32f4xx_it.c ****   while (1)
 128              		.loc 1 136 3 discriminator 1 view .LVU15
 137:Src/stm32f4xx_it.c ****   {
 138:Src/stm32f4xx_it.c ****     /* USER CODE BEGIN W1_UsageFault_IRQn 0 */
 139:Src/stm32f4xx_it.c ****     /* USER CODE END W1_UsageFault_IRQn 0 */
 140:Src/stm32f4xx_it.c ****   }
 129              		.loc 1 140 3 discriminator 1 view .LVU16
 136:Src/stm32f4xx_it.c ****   {
 130              		.loc 1 136 9 discriminator 1 view .LVU17
 131 0000 FEE7     		b	.L9
 132              		.cfi_endproc
 133              	.LFE142:
 135              		.section	.text.DebugMon_Handler,"ax",%progbits
 136              		.align	1
 137              		.global	DebugMon_Handler
 138              		.syntax unified
 139              		.thumb
 140              		.thumb_func
 141              		.fpu fpv4-sp-d16
 143              	DebugMon_Handler:
 144              	.LFB143:
 141:Src/stm32f4xx_it.c **** }
 142:Src/stm32f4xx_it.c **** 
 143:Src/stm32f4xx_it.c **** /**
 144:Src/stm32f4xx_it.c ****   * @brief This function handles Debug monitor.
 145:Src/stm32f4xx_it.c ****   */
 146:Src/stm32f4xx_it.c **** void DebugMon_Handler(void)
 147:Src/stm32f4xx_it.c **** {
 145              		.loc 1 147 1 view -0
ARM GAS  C:\Users\luoha\AppData\Local\Temp\ccv5JL5j.s 			page 6


 146              		.cfi_startproc
 147              		@ args = 0, pretend = 0, frame = 0
 148              		@ frame_needed = 0, uses_anonymous_args = 0
 149              		@ link register save eliminated.
 148:Src/stm32f4xx_it.c ****   /* USER CODE BEGIN DebugMonitor_IRQn 0 */
 149:Src/stm32f4xx_it.c **** 
 150:Src/stm32f4xx_it.c ****   /* USER CODE END DebugMonitor_IRQn 0 */
 151:Src/stm32f4xx_it.c ****   /* USER CODE BEGIN DebugMonitor_IRQn 1 */
 152:Src/stm32f4xx_it.c **** 
 153:Src/stm32f4xx_it.c ****   /* USER CODE END DebugMonitor_IRQn 1 */
 154:Src/stm32f4xx_it.c **** }
 150              		.loc 1 154 1 view .LVU19
 151 0000 7047     		bx	lr
 152              		.cfi_endproc
 153              	.LFE143:
 155              		.section	.text.TIM7_IRQHandler,"ax",%progbits
 156              		.align	1
 157              		.global	TIM7_IRQHandler
 158              		.syntax unified
 159              		.thumb
 160              		.thumb_func
 161              		.fpu fpv4-sp-d16
 163              	TIM7_IRQHandler:
 164              	.LFB144:
 155:Src/stm32f4xx_it.c **** 
 156:Src/stm32f4xx_it.c **** /******************************************************************************/
 157:Src/stm32f4xx_it.c **** /* STM32F4xx Peripheral Interrupt Handlers                                    */
 158:Src/stm32f4xx_it.c **** /* Add here the Interrupt Handlers for the used peripherals.                  */
 159:Src/stm32f4xx_it.c **** /* For the available peripheral interrupt handler names,                      */
 160:Src/stm32f4xx_it.c **** /* please refer to the startup file (startup_stm32f4xx.s).                    */
 161:Src/stm32f4xx_it.c **** /******************************************************************************/
 162:Src/stm32f4xx_it.c **** 
 163:Src/stm32f4xx_it.c **** /**
 164:Src/stm32f4xx_it.c ****   * @brief This function handles TIM7 global interrupt.
 165:Src/stm32f4xx_it.c ****   */
 166:Src/stm32f4xx_it.c **** void TIM7_IRQHandler(void)
 167:Src/stm32f4xx_it.c **** {
 165              		.loc 1 167 1 view -0
 166              		.cfi_startproc
 167              		@ args = 0, pretend = 0, frame = 0
 168              		@ frame_needed = 0, uses_anonymous_args = 0
 169 0000 08B5     		push	{r3, lr}
 170              	.LCFI0:
 171              		.cfi_def_cfa_offset 8
 172              		.cfi_offset 3, -8
 173              		.cfi_offset 14, -4
 168:Src/stm32f4xx_it.c ****   /* USER CODE BEGIN TIM7_IRQn 0 */
 169:Src/stm32f4xx_it.c **** 
 170:Src/stm32f4xx_it.c ****   /* USER CODE END TIM7_IRQn 0 */
 171:Src/stm32f4xx_it.c ****   HAL_TIM_IRQHandler(&htim7);
 174              		.loc 1 171 3 view .LVU21
 175 0002 0248     		ldr	r0, .L13
 176 0004 FFF7FEFF 		bl	HAL_TIM_IRQHandler
 177              	.LVL0:
 172:Src/stm32f4xx_it.c ****   /* USER CODE BEGIN TIM7_IRQn 1 */
 173:Src/stm32f4xx_it.c **** 
 174:Src/stm32f4xx_it.c ****   /* USER CODE END TIM7_IRQn 1 */
ARM GAS  C:\Users\luoha\AppData\Local\Temp\ccv5JL5j.s 			page 7


 175:Src/stm32f4xx_it.c **** }
 178              		.loc 1 175 1 is_stmt 0 view .LVU22
 179 0008 08BD     		pop	{r3, pc}
 180              	.L14:
 181 000a 00BF     		.align	2
 182              	.L13:
 183 000c 00000000 		.word	htim7
 184              		.cfi_endproc
 185              	.LFE144:
 187              		.text
 188              	.Letext0:
 189              		.file 2 "e:\\gnu tools arm embedded\\9 2019-q4-major\\arm-none-eabi\\include\\machine\\_default_ty
 190              		.file 3 "e:\\gnu tools arm embedded\\9 2019-q4-major\\arm-none-eabi\\include\\sys\\_stdint.h"
 191              		.file 4 "Drivers/CMSIS/Include/core_cm4.h"
 192              		.file 5 "Drivers/CMSIS/Device/ST/STM32F4xx/Include/system_stm32f4xx.h"
 193              		.file 6 "Drivers/CMSIS/Device/ST/STM32F4xx/Include/stm32f407xx.h"
 194              		.file 7 "Drivers/STM32F4xx_HAL_Driver/Inc/stm32f4xx_hal_def.h"
 195              		.file 8 "Drivers/STM32F4xx_HAL_Driver/Inc/stm32f4xx_hal_dma.h"
 196              		.file 9 "Drivers/STM32F4xx_HAL_Driver/Inc/stm32f4xx_hal_tim.h"
 197              		.file 10 "Drivers/STM32F4xx_HAL_Driver/Inc/stm32f4xx_hal_uart.h"
 198              		.file 11 "Drivers/STM32F4xx_HAL_Driver/Inc/stm32f4xx_hal.h"
 199              		.file 12 "e:\\gnu tools arm embedded\\9 2019-q4-major\\arm-none-eabi\\include\\sys\\lock.h"
 200              		.file 13 "e:\\gnu tools arm embedded\\9 2019-q4-major\\arm-none-eabi\\include\\sys\\_types.h"
 201              		.file 14 "e:\\gnu tools arm embedded\\9 2019-q4-major\\lib\\gcc\\arm-none-eabi\\9.2.1\\include\\st
 202              		.file 15 "e:\\gnu tools arm embedded\\9 2019-q4-major\\arm-none-eabi\\include\\sys\\reent.h"
 203              		.file 16 "Modules/include/utils.h"
ARM GAS  C:\Users\luoha\AppData\Local\Temp\ccv5JL5j.s 			page 8


DEFINED SYMBOLS
                            *ABS*:00000000 stm32f4xx_it.c
C:\Users\luoha\AppData\Local\Temp\ccv5JL5j.s:18     .text.NMI_Handler:00000000 $t
C:\Users\luoha\AppData\Local\Temp\ccv5JL5j.s:26     .text.NMI_Handler:00000000 NMI_Handler
C:\Users\luoha\AppData\Local\Temp\ccv5JL5j.s:40     .text.HardFault_Handler:00000000 $t
C:\Users\luoha\AppData\Local\Temp\ccv5JL5j.s:47     .text.HardFault_Handler:00000000 HardFault_Handler
C:\Users\luoha\AppData\Local\Temp\ccv5JL5j.s:64     .text.MemManage_Handler:00000000 $t
C:\Users\luoha\AppData\Local\Temp\ccv5JL5j.s:71     .text.MemManage_Handler:00000000 MemManage_Handler
C:\Users\luoha\AppData\Local\Temp\ccv5JL5j.s:88     .text.BusFault_Handler:00000000 $t
C:\Users\luoha\AppData\Local\Temp\ccv5JL5j.s:95     .text.BusFault_Handler:00000000 BusFault_Handler
C:\Users\luoha\AppData\Local\Temp\ccv5JL5j.s:112    .text.UsageFault_Handler:00000000 $t
C:\Users\luoha\AppData\Local\Temp\ccv5JL5j.s:119    .text.UsageFault_Handler:00000000 UsageFault_Handler
C:\Users\luoha\AppData\Local\Temp\ccv5JL5j.s:136    .text.DebugMon_Handler:00000000 $t
C:\Users\luoha\AppData\Local\Temp\ccv5JL5j.s:143    .text.DebugMon_Handler:00000000 DebugMon_Handler
C:\Users\luoha\AppData\Local\Temp\ccv5JL5j.s:156    .text.TIM7_IRQHandler:00000000 $t
C:\Users\luoha\AppData\Local\Temp\ccv5JL5j.s:163    .text.TIM7_IRQHandler:00000000 TIM7_IRQHandler
C:\Users\luoha\AppData\Local\Temp\ccv5JL5j.s:183    .text.TIM7_IRQHandler:0000000c $d

UNDEFINED SYMBOLS
HAL_TIM_IRQHandler
htim7
